<?xml version="1.0" encoding="UTF-8"?>
<testsuite xmlns:xsi="http://www.w3.org/2001/XMLSchema-instance" xsi:noNamespaceSchemaLocation="https://maven.apache.org/surefire/maven-surefire-plugin/xsd/surefire-test-report.xsd" name="TestSuite" time="185.285" tests="11" errors="0" skipped="0" failures="1">
  <properties>
    <property name="java.specification.version" value="18"/>
    <property name="sun.cpu.isalist" value="amd64"/>
    <property name="sun.jnu.encoding" value="Cp1252"/>
    <property name="java.class.path" value="C:\Program Files\apache-maven-3.9.1\boot\plexus-classworlds-2.6.0.jar"/>
    <property name="java.vm.vendor" value="Oracle Corporation"/>
    <property name="sun.arch.data.model" value="64"/>
    <property name="user.variant" value=""/>
    <property name="java.vendor.url" value="https://java.oracle.com/"/>
    <property name="user.timezone" value="Asia/Calcutta"/>
    <property name="maven.conf" value="C:\Program Files\apache-maven-3.9.1/conf"/>
    <property name="java.vm.specification.version" value="18"/>
    <property name="os.name" value="Windows 11"/>
    <property name="sun.java.launcher" value="SUN_STANDARD"/>
    <property name="user.country" value="US"/>
    <property name="sun.boot.library.path" value="C:\Program Files\Java\jdk-18.0.2.1\bin"/>
    <property name="sun.java.command" value="org.codehaus.plexus.classworlds.launcher.Launcher clean test"/>
    <property name="jdk.debug" value="release"/>
    <property name="maven.home" value="C:\Program Files\apache-maven-3.9.1"/>
    <property name="sun.cpu.endian" value="little"/>
    <property name="user.home" value="C:\Users\v-spednekar"/>
    <property name="user.language" value="en"/>
    <property name="sun.stderr.encoding" value="cp437"/>
    <property name="java.specification.vendor" value="Oracle Corporation"/>
    <property name="java.version.date" value="2022-08-18"/>
    <property name="java.home" value="C:\Program Files\Java\jdk-18.0.2.1"/>
    <property name="file.separator" value="\"/>
    <property name="java.vm.compressedOopsMode" value="Zero based"/>
    <property name="line.separator" value="&#10;"/>
    <property name="sun.stdout.encoding" value="cp437"/>
    <property name="java.vm.specification.vendor" value="Oracle Corporation"/>
    <property name="java.specification.name" value="Java Platform API Specification"/>
    <property name="user.script" value=""/>
    <property name="sun.management.compiler" value="HotSpot 64-Bit Tiered Compilers"/>
    <property name="java.runtime.version" value="18.0.2.1+1-1"/>
    <property name="user.name" value="v-spednekar"/>
    <property name="path.separator" value=";"/>
    <property name="os.version" value="10.0"/>
    <property name="java.runtime.name" value="Java(TM) SE Runtime Environment"/>
    <property name="file.encoding" value="UTF-8"/>
    <property name="guice.disable.misplaced.annotation.check" value="true"/>
    <property name="java.vm.name" value="Java HotSpot(TM) 64-Bit Server VM"/>
    <property name="java.vendor.url.bug" value="https://bugreport.java.com/bugreport/"/>
    <property name="java.io.tmpdir" value="C:\Users\V-SPED~1\AppData\Local\Temp\"/>
    <property name="java.version" value="18.0.2.1"/>
    <property name="user.dir" value="C:\Users\v-spednekar\eclipse-workspace\ISCatalogue_Automation"/>
    <property name="os.arch" value="amd64"/>
    <property name="maven.multiModuleProjectDirectory" value="C:\Users\v-spednekar\eclipse-workspace\ISCatalogue_Automation"/>
    <property name="java.vm.specification.name" value="Java Virtual Machine Specification"/>
    <property name="sun.os.patch.level" value=""/>
    <property name="native.encoding" value="Cp1252"/>
    <property name="java.library.path" value="C:\Program Files\Java\jdk-18.0.2.1\bin;C:\WINDOWS\Sun\Java\bin;C:\WINDOWS\system32;C:\WINDOWS;C:\Program Files\Java\jdk-18.0.2.1\bin;C:\Program Files\Common Files\Oracle\Java\javapath;C:\WINDOWS\system32;C:\WINDOWS;C:\WINDOWS\System32\Wbem;C:\WINDOWS\System32\WindowsPowerShell\v1.0\;C:\WINDOWS\System32\OpenSSH\;C:\Program Files (x86)\Microsoft SQL Server\150\DTS\Binn\;C:\Program Files\dotnet\;C:\Program Files\Microsoft SQL Server\150\Tools\Binn\;C:\Program Files\Microsoft SQL Server\Client SDK\ODBC\170\Tools\Binn\;C:\WINDOWS\system32;C:\WINDOWS;C:\WINDOWS\System32\Wbem;C:\WINDOWS\System32\WindowsPowerShell\v1.0\;C:\WINDOWS\System32\OpenSSH\;C:\Program Files (x86)\Microsoft SQL Server\160\DTS\Binn\;C:\Program Files\Azure Data Studio\bin;C:\Program Files\Git\cmd;C:\Program Files\apache-maven-3.9.1\bin;C:\Users\v-spednekar\AppData\Local\Microsoft\WindowsApps;C:\Program Files\TestProject Agent;C:\Users\v-spednekar\.dotnet\tools;;C:\Program Files\Azure Data Studio\bin;."/>
    <property name="java.vm.info" value="mixed mode, sharing"/>
    <property name="java.vendor" value="Oracle Corporation"/>
    <property name="java.vm.version" value="18.0.2.1+1-1"/>
    <property name="classworlds.conf" value="C:\Program Files\apache-maven-3.9.1\bin\m2.conf"/>
    <property name="sun.io.unicode.encoding" value="UnicodeLittle"/>
    <property name="library.jansi.path" value="C:\Program Files\apache-maven-3.9.1\lib\jansi-native"/>
    <property name="java.class.version" value="62.0"/>
  </properties>
  <testcase name="loginPageTitleTest" classname="portfolio_test.user.TC01_UserLoginTest" time="3.02"/>
  <testcase name="verifyHomepage" classname="portfolio_test.user.TC02_HomePage" time="0.007"/>
  <testcase name="verifyCatalogueNavigatorOnHomepage" classname="portfolio_test.user.TC02_HomePage" time="10.478"/>
  <testcase name="verifyCustomerEvidenceSectionOnHomepage" classname="portfolio_test.user.TC02_HomePage" time="5.217"/>
  <testcase name="verifyViewCampaignPageOnHomepage" classname="portfolio_test.user.TC02_HomePage" time="13.594"/>
  <testcase name="verifyCloudTransitionServicesPageOnHomepage" classname="portfolio_test.user.TC02_HomePage" time="10.347"/>
  <testcase name="VerifyCloudManagementOperationsPageOnHomepage" classname="portfolio_test.user.TC02_HomePage" time="10.49"/>
  <testcase name="VerifyProductInnovationDevelopmentServicesPageOnHomepage" classname="portfolio_test.user.TC02_HomePage" time="5.024">
    <failure message="java.lang.reflect.InvocationTargetException&#10;Build info: version: &apos;3.141.59&apos;, revision: &apos;e82be7d358&apos;, time: &apos;2018-11-14T08:17:03&apos;&#10;System info: host: &apos;HJNZL000593&apos;, ip: &apos;192.168.1.11&apos;, os.name: &apos;Windows 11&apos;, os.arch: &apos;amd64&apos;, os.version: &apos;10.0&apos;, java.version: &apos;18.0.2.1&apos;&#10;Driver info: driver.version: RemoteWebDriver" type="org.openqa.selenium.json.JsonException">org.openqa.selenium.json.JsonException: 
java.lang.reflect.InvocationTargetException
Build info: version: '3.141.59', revision: 'e82be7d358', time: '2018-11-14T08:17:03'
System info: host: 'HJNZL000593', ip: '192.168.1.11', os.name: 'Windows 11', os.arch: 'amd64', os.version: '10.0', java.version: '18.0.2.1'
Driver info: driver.version: RemoteWebDriver
	at portfolio_test.user.TC02_HomePage.VerifyProductInnovationDevelopmentServicesPageOnHomepage(TC02_HomePage.java:124)
Caused by: java.lang.reflect.InvocationTargetException
	at portfolio_test.user.TC02_HomePage.VerifyProductInnovationDevelopmentServicesPageOnHomepage(TC02_HomePage.java:124)
Caused by: org.openqa.selenium.NoSuchElementException: 
no such element: Unable to locate element: {"method":"xpath","selector":"//h4[contains(text(),'Product Innovation Development Services')]"}
  (Session info: MicrosoftEdge=112.0.1722.68)
For documentation on this error, please visit: https://www.seleniumhq.org/exceptions/no_such_element.html
Build info: version: '3.141.59', revision: 'e82be7d358', time: '2018-11-14T08:17:03'
System info: host: 'HJNZL000593', ip: '192.168.1.11', os.name: 'Windows 11', os.arch: 'amd64', os.version: '10.0', java.version: '18.0.2.1'
Driver info: org.openqa.selenium.edge.EdgeDriver
Capabilities {acceptInsecureCerts: false, browserName: msedge, browserVersion: 112.0.1722.68, javascriptEnabled: true, ms:edgeOptions: {debuggerAddress: localhost:49160}, msedge: {msedgedriverVersion: 112.0.1722.71 (0dac4e4620b8..., userDataDir: C:\Users\V-SPED~1\AppData\L...}, networkConnectionEnabled: false, pageLoadStrategy: normal, platform: WINDOWS, platformName: WINDOWS, proxy: Proxy(), setWindowRect: true, strictFileInteractability: false, timeouts: {implicit: 0, pageLoad: 300000, script: 30000}, unhandledPromptBehavior: dismiss and notify, webauthn:extension:credBlob: true, webauthn:extension:largeBlob: true, webauthn:extension:minPinLength: true, webauthn:extension:prf: true, webauthn:virtualAuthenticators: true}
Session ID: ba291c64992a945c3c357a76740d4c38
*** Element info: {Using=xpath, value=//h4[contains(text(),'Product Innovation Development Services')]}
	at portfolio_test.user.TC02_HomePage.VerifyProductInnovationDevelopmentServicesPageOnHomepage(TC02_HomePage.java:124)
</failure>
  </testcase>
  <testcase name="VerifyViewalltopoffersPageOnHomepage" classname="portfolio_test.user.TC02_HomePage" time="10.351"/>
  <testcase name="VerifyCustomerEvidenceSearchPageFromHomepage" classname="portfolio_test.user.TC02_HomePage" time="27.699"/>
  <testcase name="VerifyEurekaPageFromHomepage" classname="portfolio_test.user.TC02_HomePage" time="5.33"/>
</testsuite>