<?xml version="1.0" encoding="UTF-8"?>
<!-- Generated by org.testng.reporters.JUnitReportReporter -->
<testsuite hostname="HJNZL000593" failures="0" tests="5" name="portfolio_test.user.TC11_PerformaceTests" time="188.566" errors="0" timestamp="16 Oct 2023 10:45:05 GMT">
  <testcase classname="portfolio_test.user.TC11_PerformaceTests" name="VerifyProductInnovationDevelopmentServicesLoadtime" time="7.493"/>
  <testcase classname="portfolio_test.user.TC11_PerformaceTests" name="VerifyCloudTransitionServicesLoadtime" time="25.054"/>
  <testcase classname="portfolio_test.user.TC11_PerformaceTests" name="VerifyDataStrategyLoadtime" time="30.995"/>
  <testcase classname="portfolio_test.user.TC11_PerformaceTests" name="VerifyEndtoEndMachineLearningLoadtime" time="47.443"/>
  <testcase classname="portfolio_test.user.TC11_PerformaceTests" name="VerifyCloudManagementOperationsLoadtime" time="77.581"/>
</testsuite> <!-- portfolio_test.user.TC11_PerformaceTests -->
