<?xml version="1.0" encoding="UTF-8"?>
<!-- Generated by org.testng.reporters.JUnitReportReporter -->
<testsuite hostname="HJNZL000593" failures="0" tests="1" name="portfolio_test.user.TC01_UserLoginTest" time="0.011" errors="0" timestamp="27 Apr 2023 14:14:18 GMT">
  <testcase classname="portfolio_test.user.TC01_UserLoginTest" name="loginPageTitleTest" time="0.011"/>
</testsuite> <!-- portfolio_test.user.TC01_UserLoginTest -->
