<?xml version="1.0" encoding="UTF-8"?>
<!-- Generated by org.testng.reporters.JUnitReportReporter -->
<testsuite hostname="HJNZL000593" failures="0" tests="1" name="portfolio_test.user.TC03_CatalogueTest" time="49.875" errors="0" timestamp="9 May 2023 11:54:07 GMT">
  <testcase classname="portfolio_test.user.TC03_CatalogueTest" name="verifyAutomotiveMobilityandTransportationOnCataloguePage" time="49.875"/>
</testsuite> <!-- portfolio_test.user.TC03_CatalogueTest -->
