<?xml version="1.0" encoding="UTF-8"?>
<!-- Generated by org.testng.reporters.JUnitReportReporter -->
<testsuite hostname="HJNZL000593" failures="0" tests="11" name="portfolio_test.user.TC06_ArtifactPage" time="145.349" errors="0" timestamp="11 Dec 2023 08:41:55 GMT">
  <testcase classname="portfolio_test.user.TC06_ArtifactPage" name="VerifyKeyMaterialsSectionOfArtifact" time="0.826"/>
  <testcase classname="portfolio_test.user.TC06_ArtifactPage" name="VerifySeeAllCustomerEvidenceSearchPageFromArtifactPage" time="5.399"/>
  <testcase classname="portfolio_test.user.TC06_ArtifactPage" name="VerifyMaturitySectionOfArtifact" time="0.029"/>
  <testcase classname="portfolio_test.user.TC06_ArtifactPage" name="VerifySolutionPlaySectionOfArtifact" time="0.931"/>
  <testcase classname="portfolio_test.user.TC06_ArtifactPage" name="VerifySSTATSAndIMPACTOfArtifact" time="2.391"/>
  <testcase classname="portfolio_test.user.TC06_ArtifactPage" name="VerifyEvidenceSectionOfArtifact" time="0.557"/>
  <testcase classname="portfolio_test.user.TC06_ArtifactPage" name="VerifyBoMSectionOfArtifact" time="4.428"/>
  <testcase classname="portfolio_test.user.TC06_ArtifactPage" name="VerifyArtifactSectionOfArtifact" time="5.302"/>
  <testcase classname="portfolio_test.user.TC06_ArtifactPage" name="VerifyENHANCEMENTSSectionOfArtifact" time="120.184"/>
  <testcase classname="portfolio_test.user.TC06_ArtifactPage" name="VerifyLoadtime" time="0.039"/>
  <testcase classname="portfolio_test.user.TC06_ArtifactPage" name="VerifyCatalogueOfferSectionOfArtifact" time="5.263"/>
</testsuite> <!-- portfolio_test.user.TC06_ArtifactPage -->
