<?xml version="1.0" encoding="UTF-8"?>
<!-- Generated by org.testng.reporters.JUnitReportReporter -->
<testsuite hostname="HJNZL000593" failures="0" tests="9" name="portfolio_test.user.TC05_CatalogueOfferPage" time="109.167" errors="0" timestamp="7 Dec 2023 08:34:14 GMT">
  <testcase classname="portfolio_test.user.TC05_CatalogueOfferPage" name="VerifyEvidenceSectionOfCatalogueOffer" time="0.313"/>
  <testcase classname="portfolio_test.user.TC05_CatalogueOfferPage" name="VerifySolutionPlaySectionOfCatalogueOffer" time="1.198"/>
  <testcase classname="portfolio_test.user.TC05_CatalogueOfferPage" name="VerifySSTATSAndIMPACTOfCatalogueOffer" time="1.893"/>
  <testcase classname="portfolio_test.user.TC05_CatalogueOfferPage" name="VerifySeeAllCustomerEvidenceSearchPageFromCatalogueOfferPage" time="10.196"/>
  <testcase classname="portfolio_test.user.TC05_CatalogueOfferPage" name="VerifyAI_Summary_view_OnCatalogueOfferPage" time="15.404"/>
  <testcase classname="portfolio_test.user.TC05_CatalogueOfferPage" name="VerifyMaturitySectionOfCatalogueOffer" time="0.038"/>
  <testcase classname="portfolio_test.user.TC05_CatalogueOfferPage" name="VerifyENHANCEMENTSSectionOfCatalogueOffer" time="70.370"/>
  <testcase classname="portfolio_test.user.TC05_CatalogueOfferPage" name="VerifyKeyMaterialsSectionOfCatalogueOffer" time="0.040"/>
  <testcase classname="portfolio_test.user.TC05_CatalogueOfferPage" name="VerifyBoMSectionOfCatalogueOffer" time="9.715"/>
</testsuite> <!-- portfolio_test.user.TC05_CatalogueOfferPage -->
