<?xml version="1.0" encoding="UTF-8"?>
<!-- Generated by org.testng.reporters.JUnitReportReporter -->
<testsuite hostname="HJNZL000593" failures="2" tests="28" name="portfolio_test.user.TC04_CustomerEvidenceTest" time="704.897" errors="0" timestamp="5 May 2023 12:56:53 GMT">
  <testcase classname="portfolio_test.user.TC04_CustomerEvidenceTest" name="verifyDigitalandApplicationInnovationCustomerStoriesSearchButtonOnCustomerEvidence" time="23.825"/>
  <testcase classname="portfolio_test.user.TC04_CustomerEvidenceTest" name="verifyInfrastructureCustomerStoriesSearchButtonOnCustomerEvidence" time="20.126"/>
  <testcase classname="portfolio_test.user.TC04_CustomerEvidenceTest" name="verifyAutomotiveMobilityandTransportationCustomerStoriesSearchButtonOnCustomerEvidence" time="16.560"/>
  <testcase classname="portfolio_test.user.TC04_CustomerEvidenceTest" name="verifyFinancialServicesCustomerStoriesSearchButtonOnCustomerEvidence" time="20.506"/>
  <testcase classname="portfolio_test.user.TC04_CustomerEvidenceTest" name="verifyclickOnAboutCustomerEvidenceMenuButtonOncustomerEvidence" time="11.816"/>
  <testcase classname="portfolio_test.user.TC04_CustomerEvidenceTest" name="verifyCustomerEvidanceHomePageOnCustomerEvidence" time="19.688"/>
  <testcase classname="portfolio_test.user.TC04_CustomerEvidenceTest" name="verifyDefenseandIntelligenceCustomerStoriesSearchButtonOnCustomerEvidence" time="41.450"/>
  <testcase classname="portfolio_test.user.TC04_CustomerEvidenceTest" name="verifyDataAICustomerStoriesSearchButtonOnCustomerEvidence" time="26.725"/>
  <testcase classname="portfolio_test.user.TC04_CustomerEvidenceTest" name="verifyBusinessAppsCustomerStoriesSearchButtonOnCustomerEvidence" time="38.903"/>
  <testcase classname="portfolio_test.user.TC04_CustomerEvidenceTest" name="verifyIndustrialandManufacturingCustomerStoriesSearchButtonOnCustomerEvidence" time="24.329"/>
  <testcase classname="portfolio_test.user.TC04_CustomerEvidenceTest" name="verifyCustomerEvidanceSearchFunctionOnCustomerEvidence" time="11.965"/>
  <testcase classname="portfolio_test.user.TC04_CustomerEvidenceTest" name="verifyRetailandConsumerGoodsCustomerStoriesSearchButtonOnCustomerEvidence" time="26.508"/>
  <testcase classname="portfolio_test.user.TC04_CustomerEvidenceTest" name="verifyCustomerEvidenceDeliveryStoriesMenuButtonOnCustomerEvidence" time="22.270"/>
  <testcase classname="portfolio_test.user.TC04_CustomerEvidenceTest" name="verifysubmitNewStoryPageOnCustomerEvidence" time="13.501"/>
  <testcase classname="portfolio_test.user.TC04_CustomerEvidenceTest" name="verifyTelecommunicationsandMediaCustomerStoriesSearchButtonOnCustomerEvidence" time="19.273"/>
  <testcase classname="portfolio_test.user.TC04_CustomerEvidenceTest" name="verifySecurityCustomerStoriesSearchButtonOnCustomerEvidence" time="50.253"/>
  <testcase classname="portfolio_test.user.TC04_CustomerEvidenceTest" name="verifyDeliveryStoriesCustomerStoriesSearchButtonOnCustomerEvidence" time="20.844"/>
  <testcase classname="portfolio_test.user.TC04_CustomerEvidenceTest" name="verifyCrossIndustryCustomerStoriesSearchButtonOnCustomerEvidence" time="6.688"/>
  <testcase classname="portfolio_test.user.TC04_CustomerEvidenceTest" name="verifyWinWiresCustomerStoriesSearchButtonOnCustomerEvidence" time="31.400"/>
  <testcase classname="portfolio_test.user.TC04_CustomerEvidenceTest" name="verifyclickOncustomerEvidenceWinWiresMenuButtonOnCustomerEvidence" time="30.310"/>
  <testcase classname="portfolio_test.user.TC04_CustomerEvidenceTest" name="verifyGovernmentCustomerStoriesSearchButtonOnCustomerEvidence" time="57.270">
    <failure message="Expected condition failed: waiting for visibility of [[EdgeDriver: msedge on WINDOWS (e51652bc272f4563bc9f90064eb8f42d)] -&gt; xpath: //h2[@id=&#039;lblCounter&#039;]] (tried for 50 second(s) with 500 milliseconds interval)" type="org.openqa.selenium.TimeoutException">
      <![CDATA[org.openqa.selenium.TimeoutException: Expected condition failed: waiting for visibility of [[EdgeDriver: msedge on WINDOWS (e51652bc272f4563bc9f90064eb8f42d)] -> xpath: //h2[@id='lblCounter']] (tried for 50 second(s) with 500 milliseconds interval)
	at org.openqa.selenium.support.ui.WebDriverWait.timeoutException(WebDriverWait.java:95)
	at org.openqa.selenium.support.ui.FluentWait.until(FluentWait.java:272)
	at resources.Utilities.waitForElementToBeVisible(Utilities.java:146)
	at pageObjects.HomePage.CustomerEvidenceSearchResultwaitForElementToBeVisible(HomePage.java:141)
	at portfolio_test.user.TC04_CustomerEvidenceTest.verifyGovernmentCustomerStoriesSearchButtonOnCustomerEvidence(TC04_CustomerEvidenceTest.java:218)
	at java.base/jdk.internal.reflect.DirectMethodHandleAccessor.invoke(DirectMethodHandleAccessor.java:104)
	at java.base/java.lang.reflect.Method.invoke(Method.java:577)
	at org.testng.internal.MethodInvocationHelper.invokeMethod(MethodInvocationHelper.java:80)
	at org.testng.internal.Invoker.invokeMethod(Invoker.java:714)
	at org.testng.internal.Invoker.invokeTestMethod(Invoker.java:901)
	at org.testng.internal.Invoker.invokeTestMethods(Invoker.java:1231)
	at org.testng.internal.TestMethodWorker.invokeTestMethods(TestMethodWorker.java:127)
	at org.testng.internal.TestMethodWorker.run(TestMethodWorker.java:111)
	at org.testng.TestRunner.privateRun(TestRunner.java:767)
	at org.testng.TestRunner.run(TestRunner.java:617)
	at org.testng.SuiteRunner.runTest(SuiteRunner.java:334)
	at org.testng.SuiteRunner.runSequentially(SuiteRunner.java:329)
	at org.testng.SuiteRunner.privateRun(SuiteRunner.java:291)
	at org.testng.SuiteRunner.run(SuiteRunner.java:240)
	at org.testng.SuiteRunnerWorker.runSuite(SuiteRunnerWorker.java:52)
	at org.testng.SuiteRunnerWorker.run(SuiteRunnerWorker.java:86)
	at org.testng.TestNG.runSuitesSequentially(TestNG.java:1198)
	at org.testng.TestNG.runSuitesLocally(TestNG.java:1123)
	at org.testng.TestNG.run(TestNG.java:1031)
	at org.testng.remote.AbstractRemoteTestNG.run(AbstractRemoteTestNG.java:115)
	at org.testng.remote.RemoteTestNG.initAndRun(RemoteTestNG.java:251)
	at org.testng.remote.RemoteTestNG.main(RemoteTestNG.java:77)
Caused by: org.openqa.selenium.NoSuchElementException: no such element: Unable to locate element: {"method":"xpath","selector":"//h2[@id='lblCounter']"}
  (Session info: MicrosoftEdge=112.0.1722.68)
For documentation on this error, please visit: https://www.seleniumhq.org/exceptions/no_such_element.html
Build info: version: '3.141.59', revision: 'e82be7d358', time: '2018-11-14T08:17:03'
System info: host: 'HJNZL000593', ip: '192.168.1.7', os.name: 'Windows 11', os.arch: 'amd64', os.version: '10.0', java.version: '18.0.2.1'
Driver info: org.openqa.selenium.edge.EdgeDriver
Capabilities {acceptInsecureCerts: false, browserName: msedge, browserVersion: 112.0.1722.68, javascriptEnabled: true, ms:edgeOptions: {debuggerAddress: localhost:58245}, msedge: {msedgedriverVersion: 112.0.1722.71 (0dac4e4620b8..., userDataDir: C:\Users\V-SPED~1\AppData\L...}, networkConnectionEnabled: false, pageLoadStrategy: normal, platform: WINDOWS, platformName: WINDOWS, proxy: Proxy(), setWindowRect: true, strictFileInteractability: false, timeouts: {implicit: 0, pageLoad: 300000, script: 30000}, unhandledPromptBehavior: dismiss and notify, webauthn:extension:credBlob: true, webauthn:extension:largeBlob: true, webauthn:extension:minPinLength: true, webauthn:extension:prf: true, webauthn:virtualAuthenticators: true}
Session ID: e51652bc272f4563bc9f90064eb8f42d
*** Element info: {Using=xpath, value=//h2[@id='lblCounter']}
	at java.base/jdk.internal.reflect.DirectConstructorHandleAccessor.newInstance(DirectConstructorHandleAccessor.java:67)
	at java.base/java.lang.reflect.Constructor.newInstanceWithCaller(Constructor.java:499)
	at java.base/java.lang.reflect.Constructor.newInstance(Constructor.java:483)
	at org.openqa.selenium.remote.http.W3CHttpResponseCodec.createException(W3CHttpResponseCodec.java:187)
	at org.openqa.selenium.remote.http.W3CHttpResponseCodec.decode(W3CHttpResponseCodec.java:122)
	at org.openqa.selenium.remote.http.W3CHttpResponseCodec.decode(W3CHttpResponseCodec.java:49)
	at org.openqa.selenium.remote.HttpCommandExecutor.execute(HttpCommandExecutor.java:158)
	at org.openqa.selenium.remote.service.DriverCommandExecutor.execute(DriverCommandExecutor.java:83)
	at org.openqa.selenium.remote.RemoteWebDriver.execute(RemoteWebDriver.java:552)
	at org.openqa.selenium.remote.RemoteWebDriver.findElement(RemoteWebDriver.java:323)
	at org.openqa.selenium.remote.RemoteWebDriver.findElementByXPath(RemoteWebDriver.java:428)
	at org.openqa.selenium.By$ByXPath.findElement(By.java:353)
	at org.openqa.selenium.remote.RemoteWebDriver.findElement(RemoteWebDriver.java:315)
	at org.openqa.selenium.support.pagefactory.DefaultElementLocator.findElement(DefaultElementLocator.java:69)
	at org.openqa.selenium.support.pagefactory.internal.LocatingElementHandler.invoke(LocatingElementHandler.java:38)
	at jdk.proxy2/jdk.proxy2.$Proxy27.isDisplayed(Unknown Source)
	at org.openqa.selenium.support.ui.ExpectedConditions.elementIfVisible(ExpectedConditions.java:314)
	at org.openqa.selenium.support.ui.ExpectedConditions.access$000(ExpectedConditions.java:43)
	at org.openqa.selenium.support.ui.ExpectedConditions$10.apply(ExpectedConditions.java:300)
	at org.openqa.selenium.support.ui.ExpectedConditions$10.apply(ExpectedConditions.java:297)
	at org.openqa.selenium.support.ui.FluentWait.until(FluentWait.java:249)
	... 25 more
]]>
    </failure>
  </testcase> <!-- verifyGovernmentCustomerStoriesSearchButtonOnCustomerEvidence -->
  <testcase classname="portfolio_test.user.TC04_CustomerEvidenceTest" name="verifyEnergyandResourcesCustomerStoriesSearchButtonOnCustomerEvidence" time="62.879">
    <failure message="Expected condition failed: waiting for visibility of [[EdgeDriver: msedge on WINDOWS (e51652bc272f4563bc9f90064eb8f42d)] -&gt; xpath: //h2[@id=&#039;lblCounter&#039;]] (tried for 50 second(s) with 500 milliseconds interval)" type="org.openqa.selenium.TimeoutException">
      <![CDATA[org.openqa.selenium.TimeoutException: Expected condition failed: waiting for visibility of [[EdgeDriver: msedge on WINDOWS (e51652bc272f4563bc9f90064eb8f42d)] -> xpath: //h2[@id='lblCounter']] (tried for 50 second(s) with 500 milliseconds interval)
	at org.openqa.selenium.support.ui.WebDriverWait.timeoutException(WebDriverWait.java:95)
	at org.openqa.selenium.support.ui.FluentWait.until(FluentWait.java:272)
	at resources.Utilities.waitForElementToBeVisible(Utilities.java:146)
	at pageObjects.HomePage.CustomerEvidenceSearchResultwaitForElementToBeVisible(HomePage.java:141)
	at portfolio_test.user.TC04_CustomerEvidenceTest.verifyEnergyandResourcesCustomerStoriesSearchButtonOnCustomerEvidence(TC04_CustomerEvidenceTest.java:184)
	at java.base/jdk.internal.reflect.DirectMethodHandleAccessor.invoke(DirectMethodHandleAccessor.java:104)
	at java.base/java.lang.reflect.Method.invoke(Method.java:577)
	at org.testng.internal.MethodInvocationHelper.invokeMethod(MethodInvocationHelper.java:80)
	at org.testng.internal.Invoker.invokeMethod(Invoker.java:714)
	at org.testng.internal.Invoker.invokeTestMethod(Invoker.java:901)
	at org.testng.internal.Invoker.invokeTestMethods(Invoker.java:1231)
	at org.testng.internal.TestMethodWorker.invokeTestMethods(TestMethodWorker.java:127)
	at org.testng.internal.TestMethodWorker.run(TestMethodWorker.java:111)
	at org.testng.TestRunner.privateRun(TestRunner.java:767)
	at org.testng.TestRunner.run(TestRunner.java:617)
	at org.testng.SuiteRunner.runTest(SuiteRunner.java:334)
	at org.testng.SuiteRunner.runSequentially(SuiteRunner.java:329)
	at org.testng.SuiteRunner.privateRun(SuiteRunner.java:291)
	at org.testng.SuiteRunner.run(SuiteRunner.java:240)
	at org.testng.SuiteRunnerWorker.runSuite(SuiteRunnerWorker.java:52)
	at org.testng.SuiteRunnerWorker.run(SuiteRunnerWorker.java:86)
	at org.testng.TestNG.runSuitesSequentially(TestNG.java:1198)
	at org.testng.TestNG.runSuitesLocally(TestNG.java:1123)
	at org.testng.TestNG.run(TestNG.java:1031)
	at org.testng.remote.AbstractRemoteTestNG.run(AbstractRemoteTestNG.java:115)
	at org.testng.remote.RemoteTestNG.initAndRun(RemoteTestNG.java:251)
	at org.testng.remote.RemoteTestNG.main(RemoteTestNG.java:77)
Caused by: org.openqa.selenium.NoSuchElementException: no such element: Unable to locate element: {"method":"xpath","selector":"//h2[@id='lblCounter']"}
  (Session info: MicrosoftEdge=112.0.1722.68)
For documentation on this error, please visit: https://www.seleniumhq.org/exceptions/no_such_element.html
Build info: version: '3.141.59', revision: 'e82be7d358', time: '2018-11-14T08:17:03'
System info: host: 'HJNZL000593', ip: '192.168.1.7', os.name: 'Windows 11', os.arch: 'amd64', os.version: '10.0', java.version: '18.0.2.1'
Driver info: org.openqa.selenium.edge.EdgeDriver
Capabilities {acceptInsecureCerts: false, browserName: msedge, browserVersion: 112.0.1722.68, javascriptEnabled: true, ms:edgeOptions: {debuggerAddress: localhost:58245}, msedge: {msedgedriverVersion: 112.0.1722.71 (0dac4e4620b8..., userDataDir: C:\Users\V-SPED~1\AppData\L...}, networkConnectionEnabled: false, pageLoadStrategy: normal, platform: WINDOWS, platformName: WINDOWS, proxy: Proxy(), setWindowRect: true, strictFileInteractability: false, timeouts: {implicit: 0, pageLoad: 300000, script: 30000}, unhandledPromptBehavior: dismiss and notify, webauthn:extension:credBlob: true, webauthn:extension:largeBlob: true, webauthn:extension:minPinLength: true, webauthn:extension:prf: true, webauthn:virtualAuthenticators: true}
Session ID: e51652bc272f4563bc9f90064eb8f42d
*** Element info: {Using=xpath, value=//h2[@id='lblCounter']}
	at java.base/jdk.internal.reflect.DirectConstructorHandleAccessor.newInstance(DirectConstructorHandleAccessor.java:67)
	at java.base/java.lang.reflect.Constructor.newInstanceWithCaller(Constructor.java:499)
	at java.base/java.lang.reflect.Constructor.newInstance(Constructor.java:483)
	at org.openqa.selenium.remote.http.W3CHttpResponseCodec.createException(W3CHttpResponseCodec.java:187)
	at org.openqa.selenium.remote.http.W3CHttpResponseCodec.decode(W3CHttpResponseCodec.java:122)
	at org.openqa.selenium.remote.http.W3CHttpResponseCodec.decode(W3CHttpResponseCodec.java:49)
	at org.openqa.selenium.remote.HttpCommandExecutor.execute(HttpCommandExecutor.java:158)
	at org.openqa.selenium.remote.service.DriverCommandExecutor.execute(DriverCommandExecutor.java:83)
	at org.openqa.selenium.remote.RemoteWebDriver.execute(RemoteWebDriver.java:552)
	at org.openqa.selenium.remote.RemoteWebDriver.findElement(RemoteWebDriver.java:323)
	at org.openqa.selenium.remote.RemoteWebDriver.findElementByXPath(RemoteWebDriver.java:428)
	at org.openqa.selenium.By$ByXPath.findElement(By.java:353)
	at org.openqa.selenium.remote.RemoteWebDriver.findElement(RemoteWebDriver.java:315)
	at org.openqa.selenium.support.pagefactory.DefaultElementLocator.findElement(DefaultElementLocator.java:69)
	at org.openqa.selenium.support.pagefactory.internal.LocatingElementHandler.invoke(LocatingElementHandler.java:38)
	at jdk.proxy2/jdk.proxy2.$Proxy27.isDisplayed(Unknown Source)
	at org.openqa.selenium.support.ui.ExpectedConditions.elementIfVisible(ExpectedConditions.java:314)
	at org.openqa.selenium.support.ui.ExpectedConditions.access$000(ExpectedConditions.java:43)
	at org.openqa.selenium.support.ui.ExpectedConditions$10.apply(ExpectedConditions.java:300)
	at org.openqa.selenium.support.ui.ExpectedConditions$10.apply(ExpectedConditions.java:297)
	at org.openqa.selenium.support.ui.FluentWait.until(FluentWait.java:249)
	... 25 more
]]>
    </failure>
  </testcase> <!-- verifyEnergyandResourcesCustomerStoriesSearchButtonOnCustomerEvidence -->
  <testcase classname="portfolio_test.user.TC04_CustomerEvidenceTest" name="verifyHealthcareCustomerStoriesSearchButtonOnCustomerEvidence" time="15.996"/>
  <testcase classname="portfolio_test.user.TC04_CustomerEvidenceTest" name="verifySustainabilityCustomerStoriesSearchButtonOnCustomerEvidence" time="21.184"/>
  <testcase classname="portfolio_test.user.TC04_CustomerEvidenceTest" name="verifyCarouselOnCustomerEvidence" time="0.046"/>
  <testcase classname="portfolio_test.user.TC04_CustomerEvidenceTest" name="verifyEducationCustomerStoriesSearchButtonOnCustomerEvidence" time="29.316"/>
  <testcase classname="portfolio_test.user.TC04_CustomerEvidenceTest" name="verifyModernWorkCustomerStoriesSearchButtonOnCustomerEvidence" time="24.980"/>
  <testcase classname="portfolio_test.user.TC04_CustomerEvidenceTest" name="verifySubmitaStoryMenuButtonOncustomerEvidence" time="16.286"/>
</testsuite> <!-- portfolio_test.user.TC04_CustomerEvidenceTest -->
