<?xml version="1.0" encoding="UTF-8"?>
<!-- Generated by org.testng.reporters.JUnitReportReporter -->
<testsuite hostname="HJNZL000593" failures="0" tests="1" name="portfolio_test.user.TC03_CatalogueTest" time="51.742" errors="0" timestamp="17 May 2023 12:51:07 GMT">
  <testcase classname="portfolio_test.user.TC03_CatalogueTest" name="verifyRetailandConsumerGoodsOnCataloguePage" time="51.742"/>
</testsuite> <!-- portfolio_test.user.TC03_CatalogueTest -->
