<?xml version="1.0" encoding="UTF-8"?>
<!-- Generated by org.testng.reporters.JUnitReportReporter -->
<testsuite hostname="HJNZL000593" failures="0" tests="7" name="portfolio_test.user.TC04_CustomerEvidenceTest" time="95.924" errors="0" timestamp="4 May 2023 09:24:47 GMT">
  <testcase classname="portfolio_test.user.TC04_CustomerEvidenceTest" name="verifysubmitNewStoryPageOnCustomerEvidence" time="13.284"/>
  <testcase classname="portfolio_test.user.TC04_CustomerEvidenceTest" name="verifyAutomotiveMobilityandTransportationCustomerStoriesSearchButtonOnCustomerEvidence" time="14.951"/>
  <testcase classname="portfolio_test.user.TC04_CustomerEvidenceTest" name="verifyIndustrialandManufacturingCustomerStoriesSearchButtonOnCustomerEvidence" time="20.130"/>
  <testcase classname="portfolio_test.user.TC04_CustomerEvidenceTest" name="verifyRetailandConsumerGoodsCustomerStoriesSearchButtonOnCustomerEvidence" time="19.231"/>
  <testcase classname="portfolio_test.user.TC04_CustomerEvidenceTest" name="verifyCarouselOnCustomerEvidence" time="0.053"/>
  <testcase classname="portfolio_test.user.TC04_CustomerEvidenceTest" name="verifyCustomerEvidanceSearchFunctionOnCustomerEvidence" time="11.713"/>
  <testcase classname="portfolio_test.user.TC04_CustomerEvidenceTest" name="verifyCustomerEvidanceHomePageOnCustomerEvidence" time="16.562"/>
</testsuite> <!-- portfolio_test.user.TC04_CustomerEvidenceTest -->
