<?xml version="1.0" encoding="UTF-8"?>
<!-- Generated by org.testng.reporters.JUnitReportReporter -->
<testsuite hostname="HJNZL000593" failures="0" tests="8" name="portfolio_test.user.TC02_HomePage" time="127.553" errors="0" timestamp="23 Nov 2023 06:12:14 GMT">
  <testcase classname="portfolio_test.user.TC02_HomePage" name="verifyMeet_the_new_IS_CataloguePageOnHomepage" time="60.274"/>
  <testcase classname="portfolio_test.user.TC02_HomePage" name="verify_PDOC_PageOnHomepageForISSellerView" time="9.847"/>
  <testcase classname="portfolio_test.user.TC02_HomePage" name="verify_Architect_View" time="10.597"/>
  <testcase classname="portfolio_test.user.TC02_HomePage" name="verifyBusiness_Outcomes_with_AIOnHomepageForISSellerView" time="8.132"/>
  <testcase classname="portfolio_test.user.TC02_HomePage" name="verify_Homepage" time="0.031"/>
  <testcase classname="portfolio_test.user.TC02_HomePage" name="verify_MCAPS_Seller_View" time="5.091"/>
  <testcase classname="portfolio_test.user.TC02_HomePage" name="verifyCustomerHubPageFromHomePage" time="27.011"/>
  <testcase classname="portfolio_test.user.TC02_HomePage" name="verify_IS_Seller_View" time="6.570"/>
</testsuite> <!-- portfolio_test.user.TC02_HomePage -->
