<?xml version="1.0" encoding="UTF-8"?>
<!-- Generated by org.testng.reporters.JUnitReportReporter -->
<testsuite hostname="HJNZL000593" failures="0" tests="1" name="portfolio_test.user.TC06_ResourcesPage" time="8.941" errors="0" timestamp="4 May 2023 09:33:01 GMT">
  <testcase classname="portfolio_test.user.TC06_ResourcesPage" name="verifyCatalogueRoadmapPageFromResourcesMenu" time="8.941"/>
</testsuite> <!-- portfolio_test.user.TC06_ResourcesPage -->
