<?xml version="1.0" encoding="UTF-8"?>
<!-- Generated by org.testng.reporters.JUnitReportReporter -->
<testsuite hostname="HJNZL000593" failures="0" tests="3" name="portfolio_test.user.TC02_HomePage" time="45.098" errors="0" timestamp="11 Aug 2023 09:59:30 GMT">
  <testcase classname="portfolio_test.user.TC02_HomePage" name="verify_Homepage" time="0.012"/>
  <testcase classname="portfolio_test.user.TC02_HomePage" name="verify_IS_Seller_View" time="8.027"/>
  <testcase classname="portfolio_test.user.TC02_HomePage" name="verifyCatalogueOfferPage" time="37.059"/>
</testsuite> <!-- portfolio_test.user.TC02_HomePage -->
