<?xml version="1.0" encoding="UTF-8"?>
<!-- Generated by org.testng.reporters.JUnitReportReporter -->
<testsuite hostname="HJNZL000593" failures="0" tests="1" name="portfolio_test.user.TC03_CatalogueTest" time="61.901" errors="0" timestamp="25 Apr 2023 07:17:05 GMT">
  <testcase classname="portfolio_test.user.TC03_CatalogueTest" name="verifyModernWorkOnCataloguePage" time="61.901"/>
</testsuite> <!-- portfolio_test.user.TC03_CatalogueTest -->
