<?xml version="1.0" encoding="UTF-8"?>
<!-- Generated by org.testng.reporters.JUnitReportReporter -->
<testsuite hostname="HJNZL000593" failures="0" tests="1" name="portfolio_test.user.TC03_SolutionTest" time="99.516" errors="0" timestamp="27 Nov 2023 09:31:13 GMT">
  <testcase classname="portfolio_test.user.TC03_SolutionTest" name="verifyAdoptionChangeandServicesManagementPageOnCataloguePage" time="99.516"/>
</testsuite> <!-- portfolio_test.user.TC03_SolutionTest -->
