<?xml version="1.0" encoding="UTF-8"?>
<!-- Generated by org.testng.reporters.JUnitReportReporter -->
<testsuite hostname="HJNZL000593" failures="0" tests="33" name="portfolio_test.user.TC02_HomePage" time="411.339" errors="0" timestamp="8 Aug 2023 14:12:34 GMT">
  <testcase classname="portfolio_test.user.TC02_HomePage" name="verifyMeet_the_new_IS_CataloguePageOnHomepage" time="9.434"/>
  <testcase classname="portfolio_test.user.TC02_HomePage" name="VerifySecurity_OperationsPageOnHomepage" time="10.297"/>
  <testcase classname="portfolio_test.user.TC02_HomePage" name="verifyMobilityPageArchitectViewOnHomepage" time="14.540"/>
  <testcase classname="portfolio_test.user.TC02_HomePage" name="verifyFinancialServicesPageArchitectViewOnHomepage" time="17.712"/>
  <testcase classname="portfolio_test.user.TC02_HomePage" name="verify_IS_Seller_View" time="10.050"/>
  <testcase classname="portfolio_test.user.TC02_HomePage" name="verifyMeet_the_new_IS_CataloguePageOnHomepageForISSellerView" time="8.428"/>
  <testcase classname="portfolio_test.user.TC02_HomePage" name="VerifyProductInnovationDevelopmentServicesPageOnHomepage" time="10.425"/>
  <testcase classname="portfolio_test.user.TC02_HomePage" name="verifyCloudTransitionServicesPageOnHomepage" time="24.361"/>
  <testcase classname="portfolio_test.user.TC02_HomePage" name="VerifyDigital_Security_and_CompliancePageOnHomepage" time="10.283"/>
  <testcase classname="portfolio_test.user.TC02_HomePage" name="verify_Homepage" time="0.007"/>
  <testcase classname="portfolio_test.user.TC02_HomePage" name="verifySustainabilityPageArchitectViewOnHomepage" time="15.275"/>
  <testcase classname="portfolio_test.user.TC02_HomePage" name="verify_Architect_View" time="18.243"/>
  <testcase classname="portfolio_test.user.TC02_HomePage" name="verifyCustomerEvidenceSectionForArchitectViewOnHomepage" time="5.038"/>
  <testcase classname="portfolio_test.user.TC02_HomePage" name="verify_MCAPS_Seller_View" time="5.035"/>
  <testcase classname="portfolio_test.user.TC02_HomePage" name="verifyCustomerEvidenceSectionOnHomepage" time="5.048"/>
  <testcase classname="portfolio_test.user.TC02_HomePage" name="verifyRetailandConsumerGoodsPageArchitectViewOnHomepage" time="14.389"/>
  <testcase classname="portfolio_test.user.TC02_HomePage" name="verifyTreadingOfferSectionfOnHomepage" time="0.023"/>
  <testcase classname="portfolio_test.user.TC02_HomePage" name="VerifyCloudManagementOperationsPageOnHomepage" time="11.705"/>
  <testcase classname="portfolio_test.user.TC02_HomePage" name="verifyTelecommunicationsandMediaPageArchitectViewOnHomepage" time="14.088"/>
  <testcase classname="portfolio_test.user.TC02_HomePage" name="verifyCrossIndustryPageArchitectViewOnHomepage" time="14.987"/>
  <testcase classname="portfolio_test.user.TC02_HomePage" name="verifyViewAllOffersLinkOnHomepage" time="10.303"/>
  <testcase classname="portfolio_test.user.TC02_HomePage" name="verifyGovernmentPageArchitectViewOnHomepage" time="13.969"/>
  <testcase classname="portfolio_test.user.TC02_HomePage" name="verifySearchFunctionOnHomePageForArchitectRole" time="18.161"/>
  <testcase classname="portfolio_test.user.TC02_HomePage" name="Verify_Data_Strategy_Platform_Analytics_PageOnHomepage" time="10.284"/>
  <testcase classname="portfolio_test.user.TC02_HomePage" name="verifyEducationPageArchitectViewOnHomepage" time="15.551"/>
  <testcase classname="portfolio_test.user.TC02_HomePage" name="verifyDefenseandIntelligencePageArchitectViewOnHomepage" time="13.510"/>
  <testcase classname="portfolio_test.user.TC02_HomePage" name="verifyEnergyPageArchitectViewOnHomepage" time="18.708"/>
  <testcase classname="portfolio_test.user.TC02_HomePage" name="verifyCustomerHubPageFromHomePage" time="25.329"/>
  <testcase classname="portfolio_test.user.TC02_HomePage" name="verifyPickupwhereyouleftSectionfOnHomepage" time="5.578"/>
  <testcase classname="portfolio_test.user.TC02_HomePage" name="verifyHealthcarePageArchitectViewOnHomepage" time="15.605"/>
  <testcase classname="portfolio_test.user.TC02_HomePage" name="verifyIndustrialsandManufacturingPageArchitectViewOnHomepage" time="15.710"/>
  <testcase classname="portfolio_test.user.TC02_HomePage" name="VerifyIdentity_and_Access_ServicesPageOnHomepage" time="12.827"/>
  <testcase classname="portfolio_test.user.TC02_HomePage" name="VerifyEnd_to_End_AI_and_Machine_LearningPageOnHomepage" time="16.436"/>
</testsuite> <!-- portfolio_test.user.TC02_HomePage -->
