<?xml version="1.0" encoding="UTF-8"?>
<!-- Generated by org.testng.reporters.JUnitReportReporter -->
<testsuite hostname="HJNZL000593" failures="0" tests="28" name="portfolio_test.user.TC04_CustomerEvidenceTest" time="546.949" errors="0" timestamp="27 Apr 2023 14:14:18 GMT">
  <testcase classname="portfolio_test.user.TC04_CustomerEvidenceTest" name="verifyclickOnAboutCustomerEvidenceMenuButtonOncustomerEvidence" time="3.813"/>
  <testcase classname="portfolio_test.user.TC04_CustomerEvidenceTest" name="verifyBusinessAppsCustomerStoriesSearchButtonOnCustomerEvidence" time="29.746"/>
  <testcase classname="portfolio_test.user.TC04_CustomerEvidenceTest" name="verifyIndustrialandManufacturingCustomerStoriesSearchButtonOnCustomerEvidence" time="5.953"/>
  <testcase classname="portfolio_test.user.TC04_CustomerEvidenceTest" name="verifyDataAICustomerStoriesSearchButtonOnCustomerEvidence" time="23.971"/>
  <testcase classname="portfolio_test.user.TC04_CustomerEvidenceTest" name="verifyRetailandConsumerGoodsCustomerStoriesSearchButtonOnCustomerEvidence" time="19.077"/>
  <testcase classname="portfolio_test.user.TC04_CustomerEvidenceTest" name="verifyAutomotiveMobilityandTransportationCustomerStoriesSearchButtonOnCustomerEvidence" time="13.769"/>
  <testcase classname="portfolio_test.user.TC04_CustomerEvidenceTest" name="verifyFinancialServicesCustomerStoriesSearchButtonOnCustomerEvidence" time="19.679"/>
  <testcase classname="portfolio_test.user.TC04_CustomerEvidenceTest" name="verifyGovernmentCustomerStoriesSearchButtonOnCustomerEvidence" time="26.498"/>
  <testcase classname="portfolio_test.user.TC04_CustomerEvidenceTest" name="verifyWinWiresCustomerStoriesSearchButtonOnCustomerEvidence" time="25.349"/>
  <testcase classname="portfolio_test.user.TC04_CustomerEvidenceTest" name="verifysubmitNewStoryPageOnCustomerEvidence" time="13.302"/>
  <testcase classname="portfolio_test.user.TC04_CustomerEvidenceTest" name="verifyCarouselOnCustomerEvidence" time="0.022"/>
  <testcase classname="portfolio_test.user.TC04_CustomerEvidenceTest" name="verifySecurityCustomerStoriesSearchButtonOnCustomerEvidence" time="43.074"/>
  <testcase classname="portfolio_test.user.TC04_CustomerEvidenceTest" name="verifyHealthcareCustomerStoriesSearchButtonOnCustomerEvidence" time="13.714"/>
  <testcase classname="portfolio_test.user.TC04_CustomerEvidenceTest" name="verifyEducationCustomerStoriesSearchButtonOnCustomerEvidence" time="21.416"/>
  <testcase classname="portfolio_test.user.TC04_CustomerEvidenceTest" name="verifyTelecommunicationsandMediaCustomerStoriesSearchButtonOnCustomerEvidence" time="18.282"/>
  <testcase classname="portfolio_test.user.TC04_CustomerEvidenceTest" name="verifyDefenseandIntelligenceCustomerStoriesSearchButtonOnCustomerEvidence" time="29.408"/>
  <testcase classname="portfolio_test.user.TC04_CustomerEvidenceTest" name="verifyEnergyandResourcesCustomerStoriesSearchButtonOnCustomerEvidence" time="45.648"/>
  <testcase classname="portfolio_test.user.TC04_CustomerEvidenceTest" name="verifyCustomerEvidanceHomePageOnCustomerEvidence" time="12.490"/>
  <testcase classname="portfolio_test.user.TC04_CustomerEvidenceTest" name="verifySustainabilityCustomerStoriesSearchButtonOnCustomerEvidence" time="18.397"/>
  <testcase classname="portfolio_test.user.TC04_CustomerEvidenceTest" name="verifySubmitaStoryMenuButtonOncustomerEvidence" time="20.279"/>
  <testcase classname="portfolio_test.user.TC04_CustomerEvidenceTest" name="verifyInfrastructureCustomerStoriesSearchButtonOnCustomerEvidence" time="16.452"/>
  <testcase classname="portfolio_test.user.TC04_CustomerEvidenceTest" name="verifyCrossIndustryCustomerStoriesSearchButtonOnCustomerEvidence" time="6.157"/>
  <testcase classname="portfolio_test.user.TC04_CustomerEvidenceTest" name="verifyDigitalandApplicationInnovationCustomerStoriesSearchButtonOnCustomerEvidence" time="24.347"/>
  <testcase classname="portfolio_test.user.TC04_CustomerEvidenceTest" name="verifyCustomerEvidenceDeliveryStoriesMenuButtonOnCustomerEvidence" time="17.538"/>
  <testcase classname="portfolio_test.user.TC04_CustomerEvidenceTest" name="verifyCustomerEvidanceSearchFunctionOnCustomerEvidence" time="10.874"/>
  <testcase classname="portfolio_test.user.TC04_CustomerEvidenceTest" name="verifyModernWorkCustomerStoriesSearchButtonOnCustomerEvidence" time="23.332"/>
  <testcase classname="portfolio_test.user.TC04_CustomerEvidenceTest" name="verifyclickOncustomerEvidenceWinWiresMenuButtonOnCustomerEvidence" time="26.545"/>
  <testcase classname="portfolio_test.user.TC04_CustomerEvidenceTest" name="verifyDeliveryStoriesCustomerStoriesSearchButtonOnCustomerEvidence" time="17.817"/>
</testsuite> <!-- portfolio_test.user.TC04_CustomerEvidenceTest -->
