<?xml version="1.0" encoding="UTF-8"?>
<!-- Generated by org.testng.reporters.JUnitReportReporter -->
<testsuite hostname="HJNZL000593" failures="0" tests="9" name="portfolio_test.user.TC02_HomePage" time="98.498" errors="0" timestamp="25 Apr 2023 12:17:18 GMT">
  <testcase classname="portfolio_test.user.TC02_HomePage" name="verifyCloudTransitionServicesPageOnHomepage" time="13.476"/>
  <testcase classname="portfolio_test.user.TC02_HomePage" name="verifyCatalogueNavigatorOnHomepage" time="10.449"/>
  <testcase classname="portfolio_test.user.TC02_HomePage" name="verifyCustomerEvidenceSectionOnHomepage" time="5.230"/>
  <testcase classname="portfolio_test.user.TC02_HomePage" name="VerifyCloudManagementOperationsPageOnHomepage" time="10.350"/>
  <testcase classname="portfolio_test.user.TC02_HomePage" name="verifyViewCampaignPageOnHomepage" time="13.278"/>
  <testcase classname="portfolio_test.user.TC02_HomePage" name="VerifyProductInnovationDevelopmentServicesPageOnHomepage" time="10.403"/>
  <testcase classname="portfolio_test.user.TC02_HomePage" name="VerifyViewalltopoffersPageOnHomepage" time="10.451"/>
  <testcase classname="portfolio_test.user.TC02_HomePage" name="VerifyCustomerEvidenceSearchPageFromHomepage" time="24.842"/>
  <testcase classname="portfolio_test.user.TC02_HomePage" name="verifyHomepage" time="0.019"/>
</testsuite> <!-- portfolio_test.user.TC02_HomePage -->
