<?xml version="1.0" encoding="UTF-8"?>
<!-- Generated by org.testng.reporters.JUnitReportReporter -->
<testsuite hostname="HJNZL000593" failures="0" tests="19" name="portfolio_test.user.TC03_SolutionaTest" time="762.690" errors="0" timestamp="28 Jul 2023 12:18:26 GMT">
  <testcase classname="portfolio_test.user.TC03_SolutionaTest" name="verifyFinancialServicesOnCataloguePage" time="29.016"/>
  <testcase classname="portfolio_test.user.TC03_SolutionaTest" name="verifyInfrastructureOnCataloguePage" time="40.775"/>
  <testcase classname="portfolio_test.user.TC03_SolutionaTest" name="verifySecurityOnCataloguePage" time="39.736"/>
  <testcase classname="portfolio_test.user.TC03_SolutionaTest" name="verifyIndustrialsandManufacturingOnCataloguePage" time="37.138"/>
  <testcase classname="portfolio_test.user.TC03_SolutionaTest" name="verifyEnergyandResourcesOnCataloguePage" time="39.774"/>
  <testcase classname="portfolio_test.user.TC03_SolutionaTest" name="verifyDigitalandApplicationInnovationOnCataloguePage" time="46.535"/>
  <testcase classname="portfolio_test.user.TC03_SolutionaTest" name="verifyAdoptionChangeandServicesManagementPageOnCataloguePage" time="52.217"/>
  <testcase classname="portfolio_test.user.TC03_SolutionaTest" name="verifyDataandAIOnCataloguePage" time="47.989"/>
  <testcase classname="portfolio_test.user.TC03_SolutionaTest" name="verifyBusinessAppsPageButtonOnCataloguePage" time="41.836"/>
  <testcase classname="portfolio_test.user.TC03_SolutionaTest" name="verifyModernWorkOnCataloguePage" time="51.368"/>
  <testcase classname="portfolio_test.user.TC03_SolutionaTest" name="verifyEducationOnCataloguePage" time="44.298"/>
  <testcase classname="portfolio_test.user.TC03_SolutionaTest" name="verifyRetailandConsumerGoodsOnCataloguePage" time="35.939"/>
  <testcase classname="portfolio_test.user.TC03_SolutionaTest" name="verifyCrossIndustryOnCataloguePage" time="32.663"/>
  <testcase classname="portfolio_test.user.TC03_SolutionaTest" name="verifyGovernmentOnCataloguePage" time="41.174"/>
  <testcase classname="portfolio_test.user.TC03_SolutionaTest" name="verifySustainabilityOnCataloguePage" time="34.976"/>
  <testcase classname="portfolio_test.user.TC03_SolutionaTest" name="verifyAutomotiveMobilityandTransportationOnCataloguePage" time="31.105"/>
  <testcase classname="portfolio_test.user.TC03_SolutionaTest" name="verifyHealthcareOnCataloguePage" time="49.786"/>
  <testcase classname="portfolio_test.user.TC03_SolutionaTest" name="verifyTelecommunicationsandMediaOnCataloguePage" time="31.698"/>
  <testcase classname="portfolio_test.user.TC03_SolutionaTest" name="verifyDefenseandIntelligenceOnCataloguePage" time="34.667"/>
</testsuite> <!-- portfolio_test.user.TC03_SolutionaTest -->
