<?xml version="1.0" encoding="UTF-8"?>
<!-- Generated by org.testng.reporters.JUnitReportReporter -->
<testsuite hostname="HJNZL000593" failures="0" tests="20" name="portfolio_test.user.TC03_SolutionTest" time="891.487" errors="1" timestamp="8 Aug 2023 14:12:34 GMT">
  <testcase classname="portfolio_test.user.TC03_SolutionTest" name="verifyTelecommunicationsandMediaOnCataloguePage" time="31.869"/>
  <testcase classname="portfolio_test.user.TC03_SolutionTest" name="verifyEnergyCataloguePage" time="42.143"/>
  <testcase classname="portfolio_test.user.TC03_SolutionTest" name="verifySecurityOnCataloguePage" time="42.133"/>
  <testcase classname="portfolio_test.user.TC03_SolutionTest" name="verifyInfrastructureOnCataloguePage" time="41.701"/>
  <testcase classname="portfolio_test.user.TC03_SolutionTest" name="verifyFinancialServicesOnCataloguePage" time="30.474">
    <error message="expected [true] but found [false]" type="java.lang.AssertionError">
      <![CDATA[java.lang.AssertionError: expected [true] but found [false]
	at org.testng.Assert.fail(Assert.java:94)
	at org.testng.Assert.failNotEquals(Assert.java:494)
	at org.testng.Assert.assertTrue(Assert.java:42)
	at org.testng.Assert.assertTrue(Assert.java:52)
	at portfolio_test.user.TC03_SolutionTest.verifyFinancialServicesOnCataloguePage(TC03_SolutionTest.java:937)
	at java.base/jdk.internal.reflect.DirectMethodHandleAccessor.invoke(DirectMethodHandleAccessor.java:104)
	at java.base/java.lang.reflect.Method.invoke(Method.java:577)
	at org.testng.internal.MethodInvocationHelper.invokeMethod(MethodInvocationHelper.java:80)
	at org.testng.internal.Invoker.invokeMethod(Invoker.java:714)
	at org.testng.internal.Invoker.invokeTestMethod(Invoker.java:901)
	at org.testng.internal.Invoker.invokeTestMethods(Invoker.java:1231)
	at org.testng.internal.TestMethodWorker.invokeTestMethods(TestMethodWorker.java:127)
	at org.testng.internal.TestMethodWorker.run(TestMethodWorker.java:111)
	at org.testng.TestRunner.privateRun(TestRunner.java:767)
	at org.testng.TestRunner.run(TestRunner.java:617)
	at org.testng.SuiteRunner.runTest(SuiteRunner.java:334)
	at org.testng.SuiteRunner.runSequentially(SuiteRunner.java:329)
	at org.testng.SuiteRunner.privateRun(SuiteRunner.java:291)
	at org.testng.SuiteRunner.run(SuiteRunner.java:240)
	at org.testng.SuiteRunnerWorker.runSuite(SuiteRunnerWorker.java:52)
	at org.testng.SuiteRunnerWorker.run(SuiteRunnerWorker.java:86)
	at org.testng.TestNG.runSuitesSequentially(TestNG.java:1198)
	at org.testng.TestNG.runSuitesLocally(TestNG.java:1123)
	at org.testng.TestNG.run(TestNG.java:1031)
	at org.testng.remote.AbstractRemoteTestNG.run(AbstractRemoteTestNG.java:115)
	at org.testng.remote.RemoteTestNG.initAndRun(RemoteTestNG.java:251)
	at org.testng.remote.RemoteTestNG.main(RemoteTestNG.java:77)
]]>
    </error>
  </testcase> <!-- verifyFinancialServicesOnCataloguePage -->
  <testcase classname="portfolio_test.user.TC03_SolutionTest" name="verifyRetailandConsumerGoodsOnCataloguePage" time="51.688"/>
  <testcase classname="portfolio_test.user.TC03_SolutionTest" name="verifyAdoptionChangeandServicesManagementPageOnCataloguePage" time="51.210"/>
  <testcase classname="portfolio_test.user.TC03_SolutionTest" name="verifyMobilityOnCataloguePage" time="32.729"/>
  <testcase classname="portfolio_test.user.TC03_SolutionTest" name="verifyDigitalandApplicationInnovationOnCataloguePage" time="56.164"/>
  <testcase classname="portfolio_test.user.TC03_SolutionTest" name="verifyGovernmentOnCataloguePage" time="46.200"/>
  <testcase classname="portfolio_test.user.TC03_SolutionTest" name="verifyIndustrialsandManufacturingOnCataloguePage" time="34.521"/>
  <testcase classname="portfolio_test.user.TC03_SolutionTest" name="verifyDefenseandIntelligenceOnCataloguePage" time="30.567"/>
  <testcase classname="portfolio_test.user.TC03_SolutionTest" name="verifyHealthcareOnCataloguePage" time="43.843"/>
  <testcase classname="portfolio_test.user.TC03_SolutionTest" name="verifySustainabilityOnCataloguePage" time="37.331"/>
  <testcase classname="portfolio_test.user.TC03_SolutionTest" name="verifyDataandAIOnCataloguePage" time="44.718"/>
  <testcase classname="portfolio_test.user.TC03_SolutionTest" name="verifyDigitalEnablementandOperationsOnSolutionPage" time="18.611"/>
  <testcase classname="portfolio_test.user.TC03_SolutionTest" name="verifyCrossIndustryOnCataloguePage" time="33.940"/>
  <testcase classname="portfolio_test.user.TC03_SolutionTest" name="verifyBusinessAppsPageButtonOnCataloguePage" time="52.667"/>
  <testcase classname="portfolio_test.user.TC03_SolutionTest" name="verifyEducationOnCataloguePage" time="58.109"/>
  <testcase classname="portfolio_test.user.TC03_SolutionTest" name="verifyModernWorkOnCataloguePage" time="110.869"/>
</testsuite> <!-- portfolio_test.user.TC03_SolutionTest -->
