<?xml version="1.0" encoding="UTF-8"?>
<!-- Generated by org.testng.reporters.JUnitReportReporter -->
<testsuite hostname="HJNZL000593" failures="0" tests="1" name="portfolio_test.user.TC03_SolutionaTest" time="54.086" errors="0" timestamp="2 Aug 2023 11:18:03 GMT">
  <testcase classname="portfolio_test.user.TC03_SolutionaTest" name="verifyAdoptionChangeandServicesManagementPageOnCataloguePage" time="54.086"/>
</testsuite> <!-- portfolio_test.user.TC03_SolutionaTest -->
