<?xml version="1.0" encoding="UTF-8"?>
<!-- Generated by org.testng.reporters.JUnitReportReporter -->
<testsuite hostname="HJNZL000593" failures="0" tests="1" name="portfolio_test.user.TC08_InitiativesPage" time="3.467" errors="0" timestamp="20 Feb 2024 06:06:54 GMT">
  <testcase classname="portfolio_test.user.TC08_InitiativesPage" name="verifyPipeGenerationFocusPlaysPageFromCampaignsMenu" time="3.467"/>
</testsuite> <!-- portfolio_test.user.TC08_InitiativesPage -->
