<?xml version="1.0" encoding="UTF-8"?>
<!-- Generated by org.testng.reporters.JUnitReportReporter -->
<testsuite hostname="HJNZL000593" failures="0" tests="5" name="portfolio_test.user.TC07_SolutionPlayPage" time="15.336" errors="0" timestamp="20 Feb 2024 05:18:12 GMT">
  <testcase classname="portfolio_test.user.TC07_SolutionPlayPage" name="VerifyCatalogueOfferSectionOfSolutionPlay" time="2.075"/>
  <testcase classname="portfolio_test.user.TC07_SolutionPlayPage" name="VerifyBoMSectionOfSolutionPlay" time="4.616"/>
  <testcase classname="portfolio_test.user.TC07_SolutionPlayPage" name="verify_SolutionPlay" time="0.021"/>
  <testcase classname="portfolio_test.user.TC07_SolutionPlayPage" name="VerifyEvidenceSectionOfSolutionPlay" time="3.236"/>
  <testcase classname="portfolio_test.user.TC07_SolutionPlayPage" name="VerifySeeAllCustomerEvidenceSearchPageFromSolutionPlayPage" time="5.388"/>
</testsuite> <!-- portfolio_test.user.TC07_SolutionPlayPage -->
