<?xml version="1.0" encoding="UTF-8"?>
<!-- Generated by org.testng.reporters.JUnitReportReporter -->
<testsuite hostname="HJNZL000593" failures="0" tests="1" name="qubit_test.user.TC01_UserLoginTest" time="0.066" errors="0" timestamp="13 Dec 2022 08:57:26 GMT">
  <testcase classname="qubit_test.user.TC01_UserLoginTest" name="loginPageTitleTest" time="0.066"/>
</testsuite> <!-- qubit_test.user.TC01_UserLoginTest -->
