<?xml version="1.0" encoding="UTF-8"?>
<!-- Generated by org.testng.reporters.JUnitReportReporter -->
<testsuite hostname="HJNZL000593" failures="0" tests="13" name="portfolio_test.user.TC06_ResourcesPage" time="97.267" errors="0" timestamp="25 Apr 2023 06:57:43 GMT">
  <testcase classname="portfolio_test.user.TC06_ResourcesPage" name="verifyAboutISCataloguePageFromResourcesMenu" time="2.620"/>
  <testcase classname="portfolio_test.user.TC06_ResourcesPage" name="verifyCustomerHubPageFromResourcesMenu" time="11.679"/>
  <testcase classname="portfolio_test.user.TC06_ResourcesPage" name="verifyFundingPageFromResourcesMenu" time="2.637"/>
  <testcase classname="portfolio_test.user.TC06_ResourcesPage" name="verifyCatalogueRoadmapPageFromResourcesMenu" time="7.924"/>
  <testcase classname="portfolio_test.user.TC06_ResourcesPage" name="verifySolutionTruthPageFromResourcesMenu" time="3.236"/>
  <testcase classname="portfolio_test.user.TC06_ResourcesPage" name="verifyRFPIOPageFromResourcesMenu" time="5.900"/>
  <testcase classname="portfolio_test.user.TC06_ResourcesPage" name="verifyDatabookPageFromResourcesMenu" time="6.862"/>
  <testcase classname="portfolio_test.user.TC06_ResourcesPage" name="verifyISCloudsOverviewPageFromResourcesMenu" time="8.882"/>
  <testcase classname="portfolio_test.user.TC06_ResourcesPage" name="verifyIndustrySolutionsPageFromResourcesMenu" time="7.380"/>
  <testcase classname="portfolio_test.user.TC06_ResourcesPage" name="verifyEmergingSolutionsPageFromResourcesMenu" time="8.614"/>
  <testcase classname="portfolio_test.user.TC06_ResourcesPage" name="verifyLEDPortalPageFromResourcesMenu" time="9.532"/>
  <testcase classname="portfolio_test.user.TC06_ResourcesPage" name="verifyISSolutionsPlaybookPageFromResourcesMenu" time="14.979"/>
  <testcase classname="portfolio_test.user.TC06_ResourcesPage" name="verifyManageCatalogueSubscriptionsPageFromResourcesMenu" time="7.022"/>
</testsuite> <!-- portfolio_test.user.TC06_ResourcesPage -->
