<?xml version="1.0" encoding="UTF-8"?>
<!-- Generated by org.testng.reporters.JUnitReportReporter -->
<testsuite hostname="HJNZL000593" failures="0" tests="1" name="portfolio_test.user.TC05_CatalogueOfferPage" time="33.252" errors="0" timestamp="20 Feb 2024 06:06:13 GMT">
  <testcase classname="portfolio_test.user.TC05_CatalogueOfferPage" name="VerifySubscribeUnsubscribeOfCatalogueOffer" time="33.252"/>
</testsuite> <!-- portfolio_test.user.TC05_CatalogueOfferPage -->
