<?xml version="1.0" encoding="UTF-8"?>
<!-- Generated by org.testng.reporters.JUnitReportReporter -->
<testsuite hostname="HJNZL000593" failures="0" tests="27" name="portfolio_test.user.TC04_CustomerTest" time="294.795" errors="0" timestamp="24 Nov 2023 11:08:12 GMT">
  <testcase classname="portfolio_test.user.TC04_CustomerTest" name="verifyclickOncustomerEvidenceWinWiresMenuButtonOnCustomerEvidence" time="10.251"/>
  <testcase classname="portfolio_test.user.TC04_CustomerTest" name="verifyEnergyCustomerStoriesSearchButtonOnCustomerEvidence" time="12.527"/>
  <testcase classname="portfolio_test.user.TC04_CustomerTest" name="verifyCrossIndustryCustomerStoriesSearchButtonOnCustomerEvidence" time="7.053"/>
  <testcase classname="portfolio_test.user.TC04_CustomerTest" name="verifyDigitalandApplicationInnovationCustomerStoriesSearchButtonOnCustomerEvidence" time="10.652"/>
  <testcase classname="portfolio_test.user.TC04_CustomerTest" name="verifyBusinessAppsCustomerStoriesSearchButtonOnCustomerEvidence" time="10.171"/>
  <testcase classname="portfolio_test.user.TC04_CustomerTest" name="verifyInfrastructureCustomerStoriesSearchButtonOnCustomerEvidence" time="9.468"/>
  <testcase classname="portfolio_test.user.TC04_CustomerTest" name="verifyCustomerHubOncustomerEvidence" time="18.666"/>
  <testcase classname="portfolio_test.user.TC04_CustomerTest" name="verifyTelecommunicationsandMediaCustomerStoriesSearchButtonOnCustomerEvidence" time="10.486"/>
  <testcase classname="portfolio_test.user.TC04_CustomerTest" name="verifyEducationCustomerStoriesSearchButtonOnCustomerEvidence" time="8.359"/>
  <testcase classname="portfolio_test.user.TC04_CustomerTest" name="verifyMobilityCustomerStoriesSearchButtonOnCustomerEvidence" time="12.942"/>
  <testcase classname="portfolio_test.user.TC04_CustomerTest" name="verifyWinWiresCustomerStoriesSearchButtonOnCustomerEvidence" time="10.056"/>
  <testcase classname="portfolio_test.user.TC04_CustomerTest" name="verifyDeliveryStoriesCustomerStoriesSearchButtonOnCustomerEvidence" time="9.866"/>
  <testcase classname="portfolio_test.user.TC04_CustomerTest" name="verifyCustomerEvidanceSearchFunctionOnCustomerEvidence" time="12.093"/>
  <testcase classname="portfolio_test.user.TC04_CustomerTest" name="verifyCustomerEvidenceDeliveryStoriesMenuButtonOnCustomerEvidence" time="9.321"/>
  <testcase classname="portfolio_test.user.TC04_CustomerTest" name="verifySecurityCustomerStoriesSearchButtonOnCustomerEvidence" time="15.542"/>
  <testcase classname="portfolio_test.user.TC04_CustomerTest" name="verifyRetailandConsumerGoodsCustomerStoriesSearchButtonOnCustomerEvidence" time="9.653"/>
  <testcase classname="portfolio_test.user.TC04_CustomerTest" name="verifySustainabilityCustomerStoriesSearchButtonOnCustomerEvidence" time="8.739"/>
  <testcase classname="portfolio_test.user.TC04_CustomerTest" name="verifyHealthcareCustomerStoriesSearchButtonOnCustomerEvidence" time="12.519"/>
  <testcase classname="portfolio_test.user.TC04_CustomerTest" name="verifyGovernmentCustomerStoriesSearchButtonOnCustomerEvidence" time="12.974"/>
  <testcase classname="portfolio_test.user.TC04_CustomerTest" name="verifyIndustrialandManufacturingCustomerStoriesSearchButtonOnCustomerEvidence" time="9.767"/>
  <testcase classname="portfolio_test.user.TC04_CustomerTest" name="verifyDataAICustomerStoriesSearchButtonOnCustomerEvidence" time="11.215"/>
  <testcase classname="portfolio_test.user.TC04_CustomerTest" name="verifyModernWorkCustomerStoriesSearchButtonOnCustomerEvidence" time="9.381"/>
  <testcase classname="portfolio_test.user.TC04_CustomerTest" name="verifysubmitNewStoryPageOnCustomerEvidence" time="13.337"/>
  <testcase classname="portfolio_test.user.TC04_CustomerTest" name="verifyFinancialServicesCustomerStoriesSearchButtonOnCustomerEvidence" time="10.344"/>
  <testcase classname="portfolio_test.user.TC04_CustomerTest" name="verifyEvidenceadminview" time="9.785"/>
  <testcase classname="portfolio_test.user.TC04_CustomerTest" name="verifyCustomerEvidenceHomePageOnCustomerEvidence" time="9.614"/>
  <testcase classname="portfolio_test.user.TC04_CustomerTest" name="verifyDefenseandIntelligenceCustomerStoriesSearchButtonOnCustomerEvidence" time="10.014"/>
</testsuite> <!-- portfolio_test.user.TC04_CustomerTest -->
