<?xml version="1.0" encoding="UTF-8"?>
<!-- Generated by org.testng.reporters.JUnitReportReporter -->
<testsuite hostname="HJNZL000593" failures="0" tests="13" name="portfolio_test.user.TC02_HomePage" time="61.595" errors="0" timestamp="20 Feb 2024 05:18:12 GMT">
  <testcase classname="portfolio_test.user.TC02_HomePage" name="verifyCustomerHubPageFromHomePage" time="12.806"/>
  <testcase classname="portfolio_test.user.TC02_HomePage" name="verifySearchFunctionOnHomePageForArchitectRole" time="9.161"/>
  <testcase classname="portfolio_test.user.TC02_HomePage" name="verifyCloudTransitionServicesPageOnHomepage" time="9.701"/>
  <testcase classname="portfolio_test.user.TC02_HomePage" name="verifyCustomerEvidenceExploreOnHomepage" time="0.084"/>
  <testcase classname="portfolio_test.user.TC02_HomePage" name="verify_User_View_mapping" time="5.030"/>
  <testcase classname="portfolio_test.user.TC02_HomePage" name="verify_EvidenceCardOnHomepage" time="1.461"/>
  <testcase classname="portfolio_test.user.TC02_HomePage" name="verifyPartnerHomeOnHomePage" time="3.331"/>
  <testcase classname="portfolio_test.user.TC02_HomePage" name="verify_Homepage" time="0.013"/>
  <testcase classname="portfolio_test.user.TC02_HomePage" name="VerifyCustomerEvidenceExplorebuttonFunctionOnHomepage" time="7.058"/>
  <testcase classname="portfolio_test.user.TC02_HomePage" name="VerifyCloudManagementOperationsPageOnHomepage" time="3.703"/>
  <testcase classname="portfolio_test.user.TC02_HomePage" name="verifyMicrosoftUnifiedHomeOnHomePage" time="3.310"/>
  <testcase classname="portfolio_test.user.TC02_HomePage" name="Verify_Business_Outcomes_with_AIPageOnHomepage" time="2.592"/>
  <testcase classname="portfolio_test.user.TC02_HomePage" name="verifyIndustrySolutionsDeliveryHomeOnSolutionPage" time="3.345"/>
</testsuite> <!-- portfolio_test.user.TC02_HomePage -->
