<?xml version="1.0" encoding="UTF-8"?>
<!-- Generated by org.testng.reporters.JUnitReportReporter -->
<testsuite hostname="HJNZL000593" failures="0" tests="1" name="portfolio_test.user.TC08_CheckLoadTimeAllPages" time="126.600" errors="0" timestamp="2 Jun 2023 13:03:54 GMT">
  <testcase classname="portfolio_test.user.TC08_CheckLoadTimeAllPages" name="loginPageTitleTest" time="126.600"/>
</testsuite> <!-- portfolio_test.user.TC08_CheckLoadTimeAllPages -->
