<?xml version="1.0" encoding="UTF-8"?>
<!-- Generated by org.testng.reporters.JUnitReportReporter -->
<testsuite hostname="HJNZL000593" failures="0" tests="1" name="portfolio_test.user.TC02_HomePage" time="47.769" errors="0" timestamp="6 Dec 2023 11:08:27 GMT">
  <testcase classname="portfolio_test.user.TC02_HomePage" name="VerifyProductInnovationDevelopmentServicesPageOnHomepage" time="47.769"/>
</testsuite> <!-- portfolio_test.user.TC02_HomePage -->
