<?xml version="1.0" encoding="UTF-8"?>
<!-- Generated by org.testng.reporters.JUnitReportReporter -->
<testsuite hostname="HJNZL000593" failures="0" tests="1" name="portfolio_test.user.TC02_HomePage" time="11.039" errors="0" timestamp="10 May 2023 08:03:05 GMT">
  <testcase classname="portfolio_test.user.TC02_HomePage" name="VerifyDataStrategyPageOnHomepage" time="11.039"/>
</testsuite> <!-- portfolio_test.user.TC02_HomePage -->
