<?xml version="1.0" encoding="UTF-8"?>
<!-- Generated by org.testng.reporters.JUnitReportReporter -->
<testsuite hostname="HJNZL000593" failures="0" tests="1" name="portfolio_test.user.TC06_ResourcesPage" time="15.919" errors="0" timestamp="8 May 2023 06:09:15 GMT">
  <testcase classname="portfolio_test.user.TC06_ResourcesPage" name="verifyCustomerHubPageFromResourcesMenu" time="15.919"/>
</testsuite> <!-- portfolio_test.user.TC06_ResourcesPage -->
