<?xml version="1.0" encoding="UTF-8"?>
<!-- Generated by org.testng.reporters.JUnitReportReporter -->
<testsuite hostname="HJNZL000593" failures="0" tests="2" name="portfolio_test.user.TC05_CampaignsPage" time="18.131" errors="0" timestamp="3 May 2023 08:37:48 GMT">
  <testcase classname="portfolio_test.user.TC05_CampaignsPage" name="verifyDoMoreWithLessPageFromCampaignsMenu" time="4.458"/>
  <testcase classname="portfolio_test.user.TC05_CampaignsPage" name="verifyTopACRandDVGeneratorsPageFromCampaignsMenu" time="13.673"/>
</testsuite> <!-- portfolio_test.user.TC05_CampaignsPage -->
