<?xml version="1.0" encoding="UTF-8"?>
<!-- Generated by org.testng.reporters.JUnitReportReporter -->
<testsuite hostname="HJNZL000593" failures="0" tests="10" name="portfolio_test.user.TC03_SolutionTest" time="351.337" errors="0" timestamp="20 Feb 2024 05:18:12 GMT">
  <testcase classname="portfolio_test.user.TC03_SolutionTest" name="verifyAdoptionChangeandServicesManagementPageOnCataloguePage" time="52.051"/>
  <testcase classname="portfolio_test.user.TC03_SolutionTest" name="verifyBusinessAppsPageButtonOnCataloguePage" time="47.799"/>
  <testcase classname="portfolio_test.user.TC03_SolutionTest" name="verifyModernWorkOnCataloguePage" time="50.863"/>
  <testcase classname="portfolio_test.user.TC03_SolutionTest" name="verifyInfrastructureOnCataloguePage" time="52.612"/>
  <testcase classname="portfolio_test.user.TC03_SolutionTest" name="verifyIndustrySolutionsDeliveryHomeOnSolutionPage" time="7.561"/>
  <testcase classname="portfolio_test.user.TC03_SolutionTest" name="verifyDigitalandApplicationInnovationOnCataloguePage" time="58.305"/>
  <testcase classname="portfolio_test.user.TC03_SolutionTest" name="verifyDigitalEnablementandOperationsOnSolutionPage" time="8.118"/>
  <testcase classname="portfolio_test.user.TC03_SolutionTest" name="verifyCatalogueOffer" time="8.057"/>
  <testcase classname="portfolio_test.user.TC03_SolutionTest" name="verifyMicrosoftUnifiedHomeOnSolutionPage" time="7.745"/>
  <testcase classname="portfolio_test.user.TC03_SolutionTest" name="verifyDataandAIOnCataloguePage" time="58.226"/>
</testsuite> <!-- portfolio_test.user.TC03_SolutionTest -->
