<?xml version="1.0" encoding="UTF-8"?>
<!-- Generated by org.testng.reporters.JUnitReportReporter -->
<testsuite hostname="HJNZL000593" failures="0" tests="2" name="portfolio_test.user.TC05_CampaignsPage" time="25.285" errors="0" timestamp="5 May 2023 12:56:53 GMT">
  <testcase classname="portfolio_test.user.TC05_CampaignsPage" name="verifyTopACRandDVGeneratorsPageFromCampaignsMenu" time="14.733"/>
  <testcase classname="portfolio_test.user.TC05_CampaignsPage" name="verifyDoMoreWithLessPageFromCampaignsMenu" time="10.552"/>
</testsuite> <!-- portfolio_test.user.TC05_CampaignsPage -->
