<?xml version="1.0" encoding="UTF-8"?>
<!-- Generated by org.testng.reporters.JUnitReportReporter -->
<testsuite hostname="HJNZL000593" failures="0" tests="11" name="portfolio_test.user.TC04_IndustriesTest" time="430.145" errors="0" timestamp="20 Feb 2024 05:18:12 GMT">
  <testcase classname="portfolio_test.user.TC04_IndustriesTest" name="verifyHealthcareOnCataloguePage" time="49.454"/>
  <testcase classname="portfolio_test.user.TC04_IndustriesTest" name="verifyDefenseandIntelligenceOnCataloguePage" time="45.746"/>
  <testcase classname="portfolio_test.user.TC04_IndustriesTest" name="verifyGovernmentOnCataloguePage" time="41.828"/>
  <testcase classname="portfolio_test.user.TC04_IndustriesTest" name="verifyEducationOnCataloguePage" time="44.758"/>
  <testcase classname="portfolio_test.user.TC04_IndustriesTest" name="verifyFinancialServicesOnCataloguePage" time="41.597"/>
  <testcase classname="portfolio_test.user.TC04_IndustriesTest" name="verifySustainabilityOnCataloguePage" time="39.239"/>
  <testcase classname="portfolio_test.user.TC04_IndustriesTest" name="verifyTelecommunicationsandMediaOnCataloguePage" time="28.287"/>
  <testcase classname="portfolio_test.user.TC04_IndustriesTest" name="verifyCrossIndustryOnCataloguePage" time="40.716"/>
  <testcase classname="portfolio_test.user.TC04_IndustriesTest" name="verifyIndustrialsandManufacturingOnCataloguePage" time="39.667"/>
  <testcase classname="portfolio_test.user.TC04_IndustriesTest" name="verifyMobilityOnCataloguePage" time="26.502"/>
  <testcase classname="portfolio_test.user.TC04_IndustriesTest" name="verifyRetailandConsumerGoodsOnCataloguePage" time="32.351"/>
</testsuite> <!-- portfolio_test.user.TC04_IndustriesTest -->
