<?xml version="1.0" encoding="UTF-8"?>
<!-- Generated by org.testng.reporters.JUnitReportReporter -->
<testsuite hostname="HJNZL000593" failures="0" tests="8" name="portfolio_test.user.TC05_CatalogueOfferPage" time="54.002" errors="0" timestamp="16 Aug 2023 11:30:48 GMT">
  <testcase classname="portfolio_test.user.TC05_CatalogueOfferPage" name="VerifySolutionPlaySection" time="2.318"/>
  <testcase classname="portfolio_test.user.TC05_CatalogueOfferPage" name="VerifyMaturitySection" time="0.020"/>
  <testcase classname="portfolio_test.user.TC05_CatalogueOfferPage" name="VerifyENHANCEMENTSSection" time="26.071"/>
  <testcase classname="portfolio_test.user.TC05_CatalogueOfferPage" name="VerifySubscribeUnsubscribe" time="17.625"/>
  <testcase classname="portfolio_test.user.TC05_CatalogueOfferPage" name="VerifySSTATSAndIMPACT" time="3.236"/>
  <testcase classname="portfolio_test.user.TC05_CatalogueOfferPage" name="VerifyKeyMaterialsSection" time="0.025"/>
  <testcase classname="portfolio_test.user.TC05_CatalogueOfferPage" name="VerifyEvidenceSection" time="0.019"/>
  <testcase classname="portfolio_test.user.TC05_CatalogueOfferPage" name="VerifyBoMSection" time="4.688"/>
</testsuite> <!-- portfolio_test.user.TC05_CatalogueOfferPage -->
