<?xml version="1.0" encoding="UTF-8"?>
<!-- Generated by org.testng.reporters.JUnitReportReporter -->
<testsuite hostname="HJNZL000593" failures="0" tests="2" name="portfolio_test.user.TC08_InitiativesPage" time="13.277" errors="0" timestamp="24 Nov 2023 11:59:07 GMT">
  <testcase classname="portfolio_test.user.TC08_InitiativesPage" name="verifyAzureAIHubPageFromInitiativeMenu" time="6.789"/>
  <testcase classname="portfolio_test.user.TC08_InitiativesPage" name="verifyTopACRandDVGeneratorsPageFromCampaignsMenu" time="6.488"/>
</testsuite> <!-- portfolio_test.user.TC08_InitiativesPage -->
