<?xml version="1.0" encoding="UTF-8"?>
<!-- Generated by org.testng.reporters.JUnitReportReporter -->
<testsuite hostname="HJNZL000593" failures="0" tests="1" name="portfolio_test.user.TC01_UserLoginTest" time="3.035" errors="0" timestamp="20 Nov 2023 07:57:31 GMT">
  <testcase classname="portfolio_test.user.TC01_UserLoginTest" name="loginPageTitleTest" time="3.035"/>
</testsuite> <!-- portfolio_test.user.TC01_UserLoginTest -->
