<?xml version="1.0" encoding="UTF-8"?>
<!-- Generated by org.testng.reporters.JUnitReportReporter -->
<testsuite hostname="HJNZL000593" failures="0" tests="1" name="portfolio_test.user.TC07_SolutionPlayPage" time="3.091" errors="0" timestamp="14 Dec 2023 12:17:21 GMT">
  <testcase classname="portfolio_test.user.TC07_SolutionPlayPage" name="VerifyKeyMaterialsSectionOfSolutionPlay" time="3.091"/>
</testsuite> <!-- portfolio_test.user.TC07_SolutionPlayPage -->
