<?xml version="1.0" encoding="UTF-8"?>
<!-- Generated by org.testng.reporters.JUnitReportReporter -->
<testsuite hostname="HJNZL000593" failures="0" tests="1" name="portfolio_test.user.TC10_CheckLoadTimeAllPages" time="199.079" errors="0" timestamp="12 Oct 2023 13:36:55 GMT">
  <testcase classname="portfolio_test.user.TC10_CheckLoadTimeAllPages" name="loginPageTitleTest" time="199.079"/>
</testsuite> <!-- portfolio_test.user.TC10_CheckLoadTimeAllPages -->
