<?xml version="1.0" encoding="UTF-8"?>
<!-- Generated by org.testng.reporters.JUnitReportReporter -->
<testsuite hostname="HJNZL000593" failures="0" tests="4" name="portfolio_test.user.TC09_ResourcesPage" time="15.250" errors="0" timestamp="24 Nov 2023 12:05:29 GMT">
  <testcase classname="portfolio_test.user.TC09_ResourcesPage" name="verifyMicrosoftSolutionsPlaybookPageFromResourcesMenu" time="4.417"/>
  <testcase classname="portfolio_test.user.TC09_ResourcesPage" name="verifypageloadtimeofArtifactpage" time="3.719"/>
  <testcase classname="portfolio_test.user.TC09_ResourcesPage" name="verifyFundingPageFromResourcesMenu" time="3.205"/>
  <testcase classname="portfolio_test.user.TC09_ResourcesPage" name="verifyAboutISCataloguePageFromResourcesMenu" time="3.909"/>
</testsuite> <!-- portfolio_test.user.TC09_ResourcesPage -->
