<?xml version="1.0" encoding="UTF-8"?>
<!-- Generated by org.testng.reporters.JUnitReportReporter -->
<testsuite hostname="HJNZL000593" failures="0" tests="33" name="portfolio_test.user.TC02_HomePage" time="573.367" errors="0" timestamp="3 Aug 2023 09:08:18 GMT">
  <testcase classname="portfolio_test.user.TC02_HomePage" name="verifyMeet_the_new_IS_CataloguePageOnHomepage" time="8.719"/>
  <testcase classname="portfolio_test.user.TC02_HomePage" name="VerifyProductInnovationDevelopmentServicesPageOnHomepage" time="59.415"/>
  <testcase classname="portfolio_test.user.TC02_HomePage" name="verifyViewAllOffersLinkOnHomepage" time="10.327"/>
  <testcase classname="portfolio_test.user.TC02_HomePage" name="VerifySecurity_OperationsPageOnHomepage" time="19.126"/>
  <testcase classname="portfolio_test.user.TC02_HomePage" name="verifyPickupwhereyouleftSectionfOnHomepage" time="4.066"/>
  <testcase classname="portfolio_test.user.TC02_HomePage" name="verifyMeet_the_new_IS_CataloguePageOnHomepageForISSellerView" time="8.843"/>
  <testcase classname="portfolio_test.user.TC02_HomePage" name="verifyDefenseandIntelligencePageArchitectViewOnHomepage" time="25.656"/>
  <testcase classname="portfolio_test.user.TC02_HomePage" name="verifyCustomerEvidenceSectionOnHomepage" time="5.065"/>
  <testcase classname="portfolio_test.user.TC02_HomePage" name="verify_Homepage" time="0.013"/>
  <testcase classname="portfolio_test.user.TC02_HomePage" name="verifyHealthcarePageArchitectViewOnHomepage" time="25.344"/>
  <testcase classname="portfolio_test.user.TC02_HomePage" name="verifyMobilityPageArchitectViewOnHomepage" time="24.486"/>
  <testcase classname="portfolio_test.user.TC02_HomePage" name="verifyGovernmentPageArchitectViewOnHomepage" time="22.299"/>
  <testcase classname="portfolio_test.user.TC02_HomePage" name="verifySearchFunctionOnHomePageForArchitectRole" time="19.227"/>
  <testcase classname="portfolio_test.user.TC02_HomePage" name="verify_IS_Seller_View" time="7.279"/>
  <testcase classname="portfolio_test.user.TC02_HomePage" name="verifyCrossIndustryPageArchitectViewOnHomepage" time="21.095"/>
  <testcase classname="portfolio_test.user.TC02_HomePage" name="VerifyCloudManagementOperationsPageOnHomepage" time="13.977"/>
  <testcase classname="portfolio_test.user.TC02_HomePage" name="VerifyEnd_to_End_AI_and_Machine_LearningPageOnHomepage" time="17.855"/>
  <testcase classname="portfolio_test.user.TC02_HomePage" name="verifyRetailandConsumerGoodsPageArchitectViewOnHomepage" time="26.465"/>
  <testcase classname="portfolio_test.user.TC02_HomePage" name="verifySustainabilityPageArchitectViewOnHomepage" time="20.426"/>
  <testcase classname="portfolio_test.user.TC02_HomePage" name="verify_Architect_View" time="13.083"/>
  <testcase classname="portfolio_test.user.TC02_HomePage" name="verifyFinancialServicesPageArchitectViewOnHomepage" time="25.157"/>
  <testcase classname="portfolio_test.user.TC02_HomePage" name="verifyEnergyPageArchitectViewOnHomepage" time="31.661"/>
  <testcase classname="portfolio_test.user.TC02_HomePage" name="verifyCustomerHubPageFromHomePage" time="18.655"/>
  <testcase classname="portfolio_test.user.TC02_HomePage" name="verifyCustomerEvidenceSectionForArchitectViewOnHomepage" time="5.042"/>
  <testcase classname="portfolio_test.user.TC02_HomePage" name="Verify_Data_Strategy_Platform_Analytics_PageOnHomepage" time="14.872"/>
  <testcase classname="portfolio_test.user.TC02_HomePage" name="verifyTreadingOfferSectionfOnHomepage" time="0.034"/>
  <testcase classname="portfolio_test.user.TC02_HomePage" name="verify_MCAPS_Seller_View" time="5.039"/>
  <testcase classname="portfolio_test.user.TC02_HomePage" name="VerifyIdentity_and_Access_ServicesPageOnHomepage" time="15.331"/>
  <testcase classname="portfolio_test.user.TC02_HomePage" name="verifyIndustrialsandManufacturingPageArchitectViewOnHomepage" time="20.624"/>
  <testcase classname="portfolio_test.user.TC02_HomePage" name="verifyTelecommunicationsandMediaPageArchitectViewOnHomepage" time="20.690"/>
  <testcase classname="portfolio_test.user.TC02_HomePage" name="verifyCloudTransitionServicesPageOnHomepage" time="19.592"/>
  <testcase classname="portfolio_test.user.TC02_HomePage" name="verifyEducationPageArchitectViewOnHomepage" time="30.087"/>
  <testcase classname="portfolio_test.user.TC02_HomePage" name="VerifyDigital_Security_and_CompliancePageOnHomepage" time="13.817"/>
</testsuite> <!-- portfolio_test.user.TC02_HomePage -->
