<?xml version="1.0" encoding="UTF-8"?>
<!-- Generated by org.testng.reporters.JUnitReportReporter -->
<testsuite hostname="HJNZL000593" failures="0" tests="33" name="portfolio_test.user.TC04_CustomerTest" time="288.464" errors="0" timestamp="20 Feb 2024 05:49:35 GMT">
  <testcase classname="portfolio_test.user.TC04_CustomerTest" name="verifyFinancialServicesCustomerStoriesSearchButtonOnCustomerEvidence" time="5.564"/>
  <testcase classname="portfolio_test.user.TC04_CustomerTest" name="verifyEvidenceadminview" time="8.630"/>
  <testcase classname="portfolio_test.user.TC04_CustomerTest" name="verifyBrowseallWinWiresButtonOnCustomerEvidence" time="7.862"/>
  <testcase classname="portfolio_test.user.TC04_CustomerTest" name="verifyclickOncustomerEvidenceWinWiresMenuButtonOnCustomerEvidence" time="4.953"/>
  <testcase classname="portfolio_test.user.TC04_CustomerTest" name="verifyDataAICustomerStoriesSearchButtonOnCustomerEvidence" time="5.290"/>
  <testcase classname="portfolio_test.user.TC04_CustomerTest" name="verifyCustomerEvidenceHomePageOnCustomerEvidence" time="6.735"/>
  <testcase classname="portfolio_test.user.TC04_CustomerTest" name="verifyEducationCustomerStoriesSearchButtonOnCustomerEvidence" time="6.070"/>
  <testcase classname="portfolio_test.user.TC04_CustomerTest" name="verifysubmitNewUnifiedWinStoryPageOnCustomerEvidence" time="11.951"/>
  <testcase classname="portfolio_test.user.TC04_CustomerTest" name="verifyBrowseallDeliveryStoriesButtonOnCustomerEvidence" time="5.894"/>
  <testcase classname="portfolio_test.user.TC04_CustomerTest" name="verifyEMEACustomerStoriesSearchButtonOnCustomerEvidence" time="12.403"/>
  <testcase classname="portfolio_test.user.TC04_CustomerTest" name="verifyInfrastructureCustomerStoriesSearchButtonOnCustomerEvidence" time="5.644"/>
  <testcase classname="portfolio_test.user.TC04_CustomerTest" name="verifyModernWorkCustomerStoriesSearchButtonOnCustomerEvidence" time="5.679"/>
  <testcase classname="portfolio_test.user.TC04_CustomerTest" name="verifysubmitNewUnifiedCustomerTestimonialStoryPageOnCustomerEvidence" time="30.374"/>
  <testcase classname="portfolio_test.user.TC04_CustomerTest" name="verifyCrossIndustryCustomerStoriesSearchButtonOnCustomerEvidence" time="7.230"/>
  <testcase classname="portfolio_test.user.TC04_CustomerTest" name="verifyRetailandConsumerGoodsCustomerStoriesSearchButtonOnCustomerEvidence" time="5.822"/>
  <testcase classname="portfolio_test.user.TC04_CustomerTest" name="verifyTelecommunicationsandMediaCustomerStoriesSearchButtonOnCustomerEvidence" time="5.827"/>
  <testcase classname="portfolio_test.user.TC04_CustomerTest" name="verifyCustomerHubOncustomerEvidence" time="17.049"/>
  <testcase classname="portfolio_test.user.TC04_CustomerTest" name="verifyCustomerEvidanceSearchFunctionOnCustomerEvidence" time="11.430"/>
  <testcase classname="portfolio_test.user.TC04_CustomerTest" name="verifyUnifiedCustomerStoriesSearchButtonOnCustomerEvidence" time="11.949"/>
  <testcase classname="portfolio_test.user.TC04_CustomerTest" name="verifyIndustrialandManufacturingCustomerStoriesSearchButtonOnCustomerEvidence" time="5.701"/>
  <testcase classname="portfolio_test.user.TC04_CustomerTest" name="verifyMobilityCustomerStoriesSearchButtonOnCustomerEvidence" time="5.544"/>
  <testcase classname="portfolio_test.user.TC04_CustomerTest" name="verifyAPJCustomerStoriesSearchButtonOnCustomerEvidence" time="12.604"/>
  <testcase classname="portfolio_test.user.TC04_CustomerTest" name="verifyDigitalandApplicationInnovationCustomerStoriesSearchButtonOnCustomerEvidence" time="5.617"/>
  <testcase classname="portfolio_test.user.TC04_CustomerTest" name="verifyEnergyCustomerStoriesSearchButtonOnCustomerEvidence" time="5.840"/>
  <testcase classname="portfolio_test.user.TC04_CustomerTest" name="verifySustainabilityCustomerStoriesSearchButtonOnCustomerEvidence" time="6.154"/>
  <testcase classname="portfolio_test.user.TC04_CustomerTest" name="verifyBusinessAppsCustomerStoriesSearchButtonOnCustomerEvidence" time="6.462"/>
  <testcase classname="portfolio_test.user.TC04_CustomerTest" name="verifysubmitNewISDStoryPageOnCustomerEvidence" time="16.065"/>
  <testcase classname="portfolio_test.user.TC04_CustomerTest" name="verifyCustomerEvidenceDeliveryStoriesMenuButtonOnCustomerEvidence" time="6.073"/>
  <testcase classname="portfolio_test.user.TC04_CustomerTest" name="verifyAmericasCustomerStoriesSearchButtonOnCustomerEvidence" time="12.451"/>
  <testcase classname="portfolio_test.user.TC04_CustomerTest" name="verifyGovernmentCustomerStoriesSearchButtonOnCustomerEvidence" time="5.652"/>
  <testcase classname="portfolio_test.user.TC04_CustomerTest" name="verifySecurityCustomerStoriesSearchButtonOnCustomerEvidence" time="12.357"/>
  <testcase classname="portfolio_test.user.TC04_CustomerTest" name="verifyHealthcareCustomerStoriesSearchButtonOnCustomerEvidence" time="5.791"/>
  <testcase classname="portfolio_test.user.TC04_CustomerTest" name="verifyDefenseandIntelligenceCustomerStoriesSearchButtonOnCustomerEvidence" time="5.797"/>
</testsuite> <!-- portfolio_test.user.TC04_CustomerTest -->
