<?xml version="1.0" encoding="UTF-8"?>
<!-- Generated by org.testng.reporters.JUnitReportReporter -->
<testsuite hostname="HJNZL000593" failures="0" tests="2" name="portfolio_test.user.TC05_InitiativesPage" time="16.850" errors="0" timestamp="4 Aug 2023 06:10:33 GMT">
  <testcase classname="portfolio_test.user.TC05_InitiativesPage" name="verifyDoMoreWithLessPageFromCampaignsMenu" time="8.950"/>
  <testcase classname="portfolio_test.user.TC05_InitiativesPage" name="verifyTopACRandDVGeneratorsPageFromCampaignsMenu" time="7.900"/>
</testsuite> <!-- portfolio_test.user.TC05_InitiativesPage -->
