<?xml version="1.0" encoding="UTF-8"?>
<!-- Generated by org.testng.reporters.JUnitReportReporter -->
<testsuite hostname="HJNZL000593" failures="0" tests="11" name="portfolio_test.user.TC06_ArtifactPage" time="61.784" errors="0" timestamp="7 Dec 2023 08:57:47 GMT">
  <testcase classname="portfolio_test.user.TC06_ArtifactPage" name="VerifyEvidenceSectionOfArtifact" time="0.017"/>
  <testcase classname="portfolio_test.user.TC06_ArtifactPage" name="VerifyBoMSectionOfArtifact" time="4.438"/>
  <testcase classname="portfolio_test.user.TC06_ArtifactPage" name="VerifyKeyMaterialsSectionOfArtifact" time="0.046"/>
  <testcase classname="portfolio_test.user.TC06_ArtifactPage" name="VerifyENHANCEMENTSSectionOfArtifact" time="39.763"/>
  <testcase classname="portfolio_test.user.TC06_ArtifactPage" name="VerifyCatalogueOfferSectionOfArtifact" time="5.743"/>
  <testcase classname="portfolio_test.user.TC06_ArtifactPage" name="VerifySSTATSAndIMPACTOfArtifact" time="0.094"/>
  <testcase classname="portfolio_test.user.TC06_ArtifactPage" name="VerifySolutionPlaySectionOfArtifact" time="0.871"/>
  <testcase classname="portfolio_test.user.TC06_ArtifactPage" name="VerifyLoadtime" time="0.022"/>
  <testcase classname="portfolio_test.user.TC06_ArtifactPage" name="VerifyMaturitySectionOfArtifact" time="0.032"/>
  <testcase classname="portfolio_test.user.TC06_ArtifactPage" name="VerifyArtifactSectionOfArtifact" time="5.299"/>
  <testcase classname="portfolio_test.user.TC06_ArtifactPage" name="VerifySeeAllCustomerEvidenceSearchPageFromArtifactPage" time="5.459"/>
</testsuite> <!-- portfolio_test.user.TC06_ArtifactPage -->
