<?xml version="1.0" encoding="UTF-8"?>
<!-- Generated by org.testng.reporters.JUnitReportReporter -->
<testsuite hostname="HJNZL000593" failures="0" tests="1" name="portfolio_test.user.TC01_UserLoginTest" time="3.022" errors="0" timestamp="10 May 2023 06:50:33 GMT">
  <testcase classname="portfolio_test.user.TC01_UserLoginTest" name="loginPageTitleTest" time="3.022"/>
</testsuite> <!-- portfolio_test.user.TC01_UserLoginTest -->
