<?xml version="1.0" encoding="UTF-8"?>
<!-- Generated by org.testng.reporters.JUnitReportReporter -->
<testsuite hostname="HJNZL000593" failures="0" tests="2" name="portfolio_test.user.TC05_CampaignsPage" time="43.988" errors="0" timestamp="9 May 2023 13:51:25 GMT">
  <testcase classname="portfolio_test.user.TC05_CampaignsPage" name="verifyTopACRandDVGeneratorsPageFromCampaignsMenu" time="39.821"/>
  <testcase classname="portfolio_test.user.TC05_CampaignsPage" name="verifyDoMoreWithLessPageFromCampaignsMenu" time="4.167"/>
</testsuite> <!-- portfolio_test.user.TC05_CampaignsPage -->
