<?xml version="1.0" encoding="UTF-8"?>
<!-- Generated by org.testng.reporters.JUnitReportReporter -->
<testsuite hostname="HJNZL000593" failures="0" tests="21" name="portfolio_test.user.TC03_CatalogueTest" time="871.139" errors="0" timestamp="9 May 2023 13:51:25 GMT">
  <testcase classname="portfolio_test.user.TC03_CatalogueTest" name="verifySecurityOnCataloguePage" time="131.462"/>
  <testcase classname="portfolio_test.user.TC03_CatalogueTest" name="verifyCrossIndustryOnCataloguePage" time="15.665"/>
  <testcase classname="portfolio_test.user.TC03_CatalogueTest" name="verifyDataandAIOnCataloguePage" time="62.627"/>
  <testcase classname="portfolio_test.user.TC03_CatalogueTest" name="verifyFinancialServicesOnCataloguePage" time="19.117"/>
  <testcase classname="portfolio_test.user.TC03_CatalogueTest" name="verifyDigitalandApplicationInnovationOnCataloguePage" time="61.322"/>
  <testcase classname="portfolio_test.user.TC03_CatalogueTest" name="verifyCrossSolutionAreaandFunctionalSolutionOnCataloguePage" time="34.002"/>
  <testcase classname="portfolio_test.user.TC03_CatalogueTest" name="verifyIndustrialsandManufacturingOnCataloguePage" time="98.208"/>
  <testcase classname="portfolio_test.user.TC03_CatalogueTest" name="verifyRetailandConsumerGoodsOnCataloguePage" time="16.753"/>
  <testcase classname="portfolio_test.user.TC03_CatalogueTest" name="verifyEnergyandResourcesOnCataloguePage" time="15.949"/>
  <testcase classname="portfolio_test.user.TC03_CatalogueTest" name="verifyGovernmentOnCataloguePage" time="15.828"/>
  <testcase classname="portfolio_test.user.TC03_CatalogueTest" name="verifyHealthcareOnCataloguePage" time="19.539"/>
  <testcase classname="portfolio_test.user.TC03_CatalogueTest" name="verifyInfrastructureOnCataloguePage" time="51.470"/>
  <testcase classname="portfolio_test.user.TC03_CatalogueTest" name="verifySustainabilityOnCataloguePage" time="24.358"/>
  <testcase classname="portfolio_test.user.TC03_CatalogueTest" name="verifyTelecommunicationsandMediaOnCataloguePage" time="12.791"/>
  <testcase classname="portfolio_test.user.TC03_CatalogueTest" name="verifyAdoptionChangeandServicesManagementPageOnCataloguePage" time="44.601"/>
  <testcase classname="portfolio_test.user.TC03_CatalogueTest" name="verifyEmergingInnovationEngineeringPageOnCataloguePage" time="35.670"/>
  <testcase classname="portfolio_test.user.TC03_CatalogueTest" name="verifyAutomotiveMobilityandTransportationOnCataloguePage" time="49.357"/>
  <testcase classname="portfolio_test.user.TC03_CatalogueTest" name="verifyEducationOnCataloguePage" time="18.421"/>
  <testcase classname="portfolio_test.user.TC03_CatalogueTest" name="verifyModernWorkOnCataloguePage" time="63.892"/>
  <testcase classname="portfolio_test.user.TC03_CatalogueTest" name="verifyDefenseandIntelligenceOnCataloguePage" time="15.379"/>
  <testcase classname="portfolio_test.user.TC03_CatalogueTest" name="verifyBusinessAppsPageButtonOnCataloguePage" time="64.728"/>
</testsuite> <!-- portfolio_test.user.TC03_CatalogueTest -->
