<?xml version="1.0" encoding="UTF-8"?>
<!-- Generated by org.testng.reporters.JUnitReportReporter -->
<testsuite hostname="HJNZL000593" failures="0" tests="11" name="portfolio_test.user.TC02_HomePage" time="130.163" errors="0" timestamp="12 May 2023 06:52:23 GMT">
  <testcase classname="portfolio_test.user.TC02_HomePage" name="verifyCustomerEvidenceSectionOnHomepage" time="5.372"/>
  <testcase classname="portfolio_test.user.TC02_HomePage" name="verifyViewCampaignPageOnHomepage" time="14.463"/>
  <testcase classname="portfolio_test.user.TC02_HomePage" name="VerifyViewalltopoffersPageOnHomepage" time="11.316"/>
  <testcase classname="portfolio_test.user.TC02_HomePage" name="VerifyEurekaPageFromHomepage" time="10.464"/>
  <testcase classname="portfolio_test.user.TC02_HomePage" name="VerifyDataStrategyPageOnHomepage" time="20.726"/>
  <testcase classname="portfolio_test.user.TC02_HomePage" name="verifyHomepage" time="0.024"/>
  <testcase classname="portfolio_test.user.TC02_HomePage" name="VerifyPrivacyPageFromHomepage" time="2.121"/>
  <testcase classname="portfolio_test.user.TC02_HomePage" name="verifyCloudTransitionServicesPageOnHomepage" time="10.918"/>
  <testcase classname="portfolio_test.user.TC02_HomePage" name="VerifyCloudManagementOperationsPageOnHomepage" time="11.198"/>
  <testcase classname="portfolio_test.user.TC02_HomePage" name="VerifyCustomerEvidenceSearchPageFromHomepage" time="32.857"/>
  <testcase classname="portfolio_test.user.TC02_HomePage" name="verifyCatalogueNavigatorOnHomepage" time="10.704"/>
</testsuite> <!-- portfolio_test.user.TC02_HomePage -->
